38467773
3079043
10401069
5618755
4635357
22031556
8498920
4628433
4066983
32878158
3866072
109464847
42120208
5295073
2694549
337988
5870584
149808
2629724
5403054
58093638
12681189
84782
8131629
1151613
10035508
5788488
62460788
689404
1407330
83385855
853899
43553259
17729196
4806696
28094931
4316214
20632344
84366394
11684977
7475247
7807844
1151613
650667
3305105
10365705
7316656
1539837
12164744
12858273
1151613
3241523
47682343
1808894
3508698
2629724
53268697
8160185
33372036
9629574
42210432
7455787
7973973
60464552
31202088
9337991
4806696
46972863
5065031
2382252
34215054
5456151
5723190
20824926
7397287
13533443
9337991
177561
945933
3811269
9459875
21185304
12125373
52852737
7974031
55327630
566344
64666808
9337906
17073426
137295
55658600
1586277
4161652
4638636
536068
9928891
1682163
2665079
3311642
8232961
14310711
70803988
15004581
524076
20090136
2392378
134455
1386396
2173339
623569
62421980
9818991
146289476
8902592
31812374
974524
9818991
2125384
2011780
3534967
2425639
63401742
24802596
6993963
3559477
28590260
31548328
751881
12749492
3454913
17408031
14310711
95862
184584
3200648
2120735
3888022
5403054
1801215
14174931
7475247
23364390
1316661
30978783
8359863
5648205
12487923
3725128
1757324
11327617
15228669
4762710
23735528
3746178
15549037
18273296
5593356
5788488
11426310
4354662
5088843
48762569
24473265
16181052
6289402
7897524
6773845
16311618
7314424
34992575
12021730
8320910
30916980
17919526
7383051
32559696
57271396
10759791
4474878
114660457
16414008
45925659
19106222
30774219
1102725
110195118
6688968
5593356
12996166
2325842
1241208
6773845
5648208
23020132
699637
19496783
665032
7804719
12893721
7145775
6849128
13512065
5788488
20632344
36152847
31714473
2906948
15004581
44491783
3556946
32913354
10759791
33848804
24363784
41593428
27196906
6914076
11903661
1612248
3241612
13992399
51698889
516518
237117
4212659
3725128
40923694
16608396
84448993
29470740
533072
24133656
47858451
18372867
10558604
47293128
57565664
10242442
31573257
3983950
2020920
6274071
568438
18890031
19016953
2434407
18436766
63061452
15090961
711162
1558674
4161652
22346211
9749484
237108
30529979
54023895
2084559
24996012
7475247
417837
10242442
15707439
10306194
403928
93273613
19259992
6773845
19232872
7383051
14823816
67915767
19755592
799694
7607004
35390063
4912746
7623584
417837
56019408
3338223
8499140
13878997
1727653
15733611
22413775
2143639
73789208
2328659
1046790
6121404
7556120
64172598
27886154
12487920
1757324
221230
5648208
6120771
949761
40707189
8864089
11903661
4298097
1022355
133836
113480501
18586483
738228
5218470
12029022
83599245
43529246
5722531
83749098
8749333
75789798
2084559
81693780
30578462
66562417
14430933
14430933
181585
18507341
2133033
6914076
1151613
3200648
40304394
12749492
17574798
3302460
5529366
11327617
4413354
659234
247049
2509965
12858363
35839485
4638636
3878247
199123
8864089
39102507
42567666
3032997
8971300
987417
26827841
60111085
101610579
78941688
6444682
46401463
11839779
3619474
19681836
8059207
1702449
15707901
16321821
16935741
17481599
45580428
2172575
41458060
37939988
479570
6773845
22155772
2291184
36439740
137346084
3714201
1970604
14344208
9281527
4517303
27196906
1209398
2961541
5593356
546016
2320347
13512065
4103484
488663
10665893
29149094
8172189
1769842
7556120
42950704
52220097
11093497
1700904
4094280
4330962
868304
34695255
33205534
23162555
23949472
5711058
116207636
8397285
30040207
27886154
8230403
14723571
52832
41299838
21394080
13934124
55658600
5229462
54855527
4332687
36104181
19232863
7145775
102399904
426962
3032997
1263976
1757324
5270244
4011102
24362793
4212659
5341278
69140232
6119487
1296072
3032997
53278489
4858235
4638636
6625254
4634808
3379030
8771542
6323990
3125229
5721629
20828721
4103484
2250617
840469
3404181
1970604
16905093
97848862
47126083
54456509
16780401
617004
32064652
3216624
16473021
11726100
44187993
11320648
10534602
7556120
21060903
40306
15241770
40662241
95265716
6336432
2847295
5593356
19232872
2055494
3914306
19405311
23152853
35584451
20229029
37571637
11726835
3725128
12999994
7876572
686037
9585016
3914306
54594917
9299406
35584451
5038462
4574922
12858363
12021641
453165
6914076
55676868
9057903
2879704
1856649
39378024
2884981
2588949
247597
77864
47764776
44226966
4011305
13382404
8944611
3811269
1864807
5788488
2573272
17564633
24997602
1046790
3276735
686926
13774348
55114440
3325630
247597
11670197
5038470
37900620
73241934
177561
2423505
225687
31892037
997209
43221109
6393298
37900620
2108514
16608396
1206927
159092
854959
997209
2736965
860056
18143400
49074
3585582
21275836
1276467
95119143
19198830
10321250
10086613
10010672
59823000
7235098
2265494
2593564
16780401
3877797
21394080
36439740
27655498
6336432
12487923
177768
5921687
56062369
10201330
6889949
3771405
5723190
7969621
27202248
488663
21020021
25858374
1970359
1558674
5723190
1758507
55487832
8134191
62168192
10671456
566344
8864089
16727463
1915339
2954609
1609893
7721129
9605319
13902995
2328659
12730927
38185605
5611947
6255834
21731132
24546632
13626291
140744027
57729436
31012131
295840
13758821
22034133
1586277
106752618
85003816
20290448
16021251
8807482
91458612
15004580
91807
1062799
881882
6126612
2704318
14053845
17408031
6299118
19656405
9337991
19724684
7001696
1670676
7145775
90808305
26368685
16549012
3771405
4863918
19537513
37575477
15707901
20632344
5723190
11555537
2629525
203325
1970604
3152787
2884981
12021730
190161
21641688
5038470
1546935
3077856
19405311
39715326
1361223
1701790
329553
5345955
2636510
20290448
4212657
1840929
39392529
19923501
34995384
31778355
941097
4061068
38800044
20580198
231625946
722904
1757758
9065447
9229038
2979856
3866192
329107
1730602
13115591
12480840
15699804
6085827
20151703
10438743
126472699
50897223
76352848
143916
11214994
16473021
8864089
9905302
12411953
5851517
76874256
18208772
4574922
23339408
46491637
365724
10436748
41535045
17891556
5723190
13267177
1915077
1129779
269507
2108514
21454893
23745320
45580166
16152771
39031737
14280383
12313097
12487353
21074691
9632273
1998359
1118048
67049902
22150167
5788488
14043423
40648923
59265159
7001696
3913855
2773099
24363784
37310310
10931742
6530978
6264196
63701604
5705694
2108514
26594
46341936
4638636
37018998
2235693
22474272
2291184
14174931
25208720
6741156
46238913
206658
650877
2198514
10595271
220
45204705
224565
641241
4863918
38481894
1915176
20084939
20090136
1539837
2526214
1013526
64727488
20738578
48762569
3200648
358981
2941572
16064949
8705135
19490709
1241208
7877142
650880
27792005
19745200
6625254
3059259
1888204
5042189
2108467
6773845
7235098
7355092
2059791
18531908
30790289
4316214
6914076
9242696
15783
6126612
7442867
6126612
3093430
13433196
10992457
5775225
4574922
16464019
5229938
12381012
45204705
2021784
7721129
13238211
18035661
5788488
8597050
380849
12913597
2804418
101777
5456868
64666808
30895046
31292733
481541
91395845
608612
6524580
2847295
20129445
9435257
1808894
13512065
5270244
194388
1432772
12487467
52118786
5598756
25208720
12381012
5593356
2803944
7078448
11772054
71788618
24987352
101777
4614264
299089
12971980
14430486
5403054
47360565
30761075
18290819
1462812
4368287
12381012
14214165
13186716
17073148
4478964
22734784
7748413
62767
36695226
2665079
27973288
54457553
665032
53318894
15434106
14310711
9051523
4638636
57868576
388409
3200648
67443988
12197773
27886154
87031
3812529
23281816
44683696
7475247
5372016
8229137
32166153
842604
44349215
3771405
355207
27886154
9713273
54217852
27465337
22326663
860056
461762
7416259
10346546
995610
16364755
2265494
14555535
722904
3403083
45620333
11555537
73789208
6657547
3667244
26298596
38467608
55658600
286895
350007
1407330
21020680
2335009
1169640
19460
6623546
83971755
26720736
299089
2328659
2736961
101416122
1300257
30251952
5456868
89670357
14133971
42206208
5038470
15872616
172398
13774461
5085693
6255951
217362
5663076
60080023
4011964
4912746
42747660
52372067
10160276
817700
4132458
5184537
1970604
3454913
7877142
26638899
50399807
29794387
403928
6684636
9131877
4519252
80061660
26298881
1657999
8955861
284088
16780401
10035508
4413354
977904
19560216
19040736
15141549
34470169
4393609
1407330
17923204
48040265
4980005
5270244
4863918
27655498
28094931
10388175
5648208
8320910
3699659
4574922
7001696
38769412
1731979
17407918
61264962
5838309
358981
2458804
211915
20836000
11903661
8131257
12381012
7721129
837147
842604
8320910
1517337
14448929
942142
701863
29307592
22917552
20290448
5529366
10238511
18890031
7804719
12487923
4368287
115210615
1151613
23302785
2252929
6255834
22917552
47958843
810684
83762233
26254669
5593356
2916474
15202982
23353257
2916261
316967
608409
203406665
2137798
18384966
124923073
14174931
4083
6336432
44078384
10558604
6255834
13382404
11373943
26856975
24996016
33650332
1778049
2629724
1562275
12032928
38198511
5921882
106075035
442368
495600
801132
7235098
479570
4528944
49693766
39715268
59813379
22273995
23991447
15707901
2694549
10558600
147166328
66936744
5723190
12347169
18104373
7475247
11537805
2265494
11772054
29246534
8021750
24666463
4806696
2328659
1169640
1558674
21009193
21658
8839926
20343828
37018998
17611234
6445200
10973682
3535950
18121115
2629724
14723568
1888204
1508023
1486884
8771542
3032997
5623193
5089200
5523525
1925304
885990
17891556
79027389
2390487
1856649
799130
18384966
35304003
12409718
868881
8232965
17243280
2847295
10558604
2376957
11426310
4307010
2143639
8917605
20397562
14024136
18130272
23339408
35583880
11426310
32203323
6407790
3866192
6407790
18720486
10993609
16608396
15004581
72795328
47756279
5270244
1264635
4716398
2682107
41598927
7671682
453250
8426982
27655498
3914306
1445941
3473660
20178
47682343
41354250
3454913
7877142
451066
1184562
22361276
73284578
18384966
2690102
21172115
5341278
19295524
496027
34168266
436240
12749471
13679590
5089200
2234459
1711952
5648208
927662
10128182
8944611
18384271
21950172
65540598
49896438
3362115
4376678
5403054
12125400
2655187
6740116
8534201
5089200
5087655
69507
288396
4638636
630800
9608843
41728698
16152771
10665893
1344708
95862
59386020
1767657
4061068
1771833
97708968
12999994
1891749
13363392
72739398
7383051
2387349
105434319
1206927
38122709
18437274
2553983
2283576
29840097
17549661
3746178
1970176
17249976
5038470
54499180
8771542
17784959
3811269
42609238
6619941
82197591
77925729
5403054
31292305
256872
7676185
4815570
860056
9807249
19560216
17729196
3164986
24760344
7877142
134447602
1970604
25430858
55775474
2694030
1386396
41249178
14430486
9145799
40024611
984861
2055494
3633091
256212
50980572
37518024
53278489
670741
278399
8486914
67916218
66449826
15146646
23225253
15138111
20141084
4773665
71294668
21581864
9132951
103334099
3034060
2328659
8517981
26332922
3771405
2143639
3325630
42446909
13382404
97092332
4474878
86675291
13238211
30810834
24573088
35584451
90597090
16927743
16152771
77352198
21255312
3535950
4076870
7899910
2665079
123255
87387531
5402528
1106907
100327655
9337991
25640384
1682161
4912746
7235098
324822
7234766
13382404
4863918
128835
1439144
44551065
7586040
3241612
53668369
4621140
24929609
6469242
6849128
1407330
2961541
16935741
910624
12173125
5845434
18209643
7076268
32266869
4638636
3454913
52118786
4528944
5716494
1970604
4011964
13478685
506208
6385009
13382404
2598830
4255944
26815447
1757324
1424781
46238913
13443610
127678583
1962759
2771620
8134191
4156008
33745329
2387349
2665079
2291064
403666
2280804
32848307
11772054
3771405
32324310
648168
31295346
1115676
13445658
5456868
23536896
15434106
3330124
356631
25640384
15909013
2353435
11327617
3757466
566882
11139599
2736965
1789961
19560216
14846961
1098072
11759745
36367755
11208778
2090416
26251909
20632344
37541388
31459741
39378024
87345263
100071672
18890031
70315818
10223918
1126281
240807
4408784
6336432
20940830
11418890
15434016
5529366
10245544
10366440
12260773
19085554
4638636
8588788
21454155
61446788
31534334
2588949
37900620
8817661
22155816
1181055
1407330
23138600
44558190
3454913
36594943
5648208
28598933
6210183
350007
53278489
14554050
6165137
55658600
5608268
650880
8232965
8232965
7753538
11573746
5885868
6331215
72375
8944611
11555537
10438743
16682406
671898
2084559
10883180
20470448
27196906
40812938
256872
10759791
19586535
14714571
16158004
4693812
5648088
10124751
6903429
1022343
23141801
165082
1344708
33850116
41299838
19232872
52852737
1657999
291417
18216961
93610955
13538523
4368287
11903661
20457627
24348144
27625429
64346609
1324269
87077
18216567
76821301
3528461
44751286
3404181
1615573
3633091
4061068
22496692
31543015
35373679
33355887
1539837
83775172
71788618
13988
1327872
27133213
3152787
40024611
2588949
15872616
24363784
13377277
31207951
21722345
21185304
113783450
14583683
11133229
79522989
10558604
47117275
8420723
14585391
1888204
13512065
722904
761025
8397285
4682262
11187306
1697977
12840265
4690585
16735404
8499129
1558674
25400856
19239609
840771
41542900
1264635
4161652
31615434
31548328
7475247
36152847
21963152
1169640
18106211
2285782
4574922
4693812
49597260
3633091
9120611
7627152
1808894
32850172
1807039
5918058
102884826
3687206
15974027
8377573
12853510
17549661
4025781
8667789
6336432
1063494
676837
16321821
29757507
5799351
26220274
20089680
10346546
26298881
14723571
1407330
48646499
23745320
12488502
8484326
11089344
1731979
22741000
31292733
6061352
60647304
7829230
1406798
42485544
1988227
124434
77349177
11055
82197591
5684053
9520056
4741674
949761
145351053
5904567
6552481
6650154
31881777
27400464
4255944
21393881
6407790
10546821
31221496
32850698
708858
16780401
39013920
35380165
31001771
65152804
42819338
608612
22596966
1896533
16780401
45925659
17218487
2619565
1657999
28590260
19405054
5808012
10438743
12999994
7112524
83347761
11413118
62956722
15143354
4011964
817700
91918495
12126937
32026199
4980072
2526214
73252980
1693273
10346546
2360392
4474878
5529366
29338
38800044
4625118
120387
461762
19166465
21046581
885996
1490271
36439740
9051410
17408031
11555537
26966398
5215906
72472446
650880
12021730
8059207
3273687
8864089
959091
23339408
149808
5845434
1367469
3913905
3771405
9621471
5635690
5845434
2458804
21427161
25858376
5788488
46972863
5648208
7744069
13125994
124434
11934279
7721129
5687809
35839485
159886296
22976876
43351252
2360404
16321821
232020
10346546
855009
44212
1129779
14585391
10138606
722904
16152759
1657999
13840017
388409
364229
1101433
1485735
2084557
34168266
13958695
930924
9145799
17549661
169521
2108514
516607
7877142
1272617
9519998
45919484
817700
4528927
82797582
2458804
4638636
8586761
2909225
54860469
566344
78032732
291417
2348658
12625696
82797582
7512605
377964
1098072
19560216
6047610
2174727
488663
41697220
12372012
15872616
10100574
10427001
5341278
1609891
27779946
114270223
63773106
57132621
17621235
17891556
66463206
3587793
5121095
4161652
4260187
9051523
24573088
29257467
20477019
11772054
903904
77925729
7804719
3988779
13710484
16321802
29571923
13236666
5505828
4528944
7556120
10604713
17408031
14846961
21201163
2882715
4827255
23155752
20632344
2602531
4726795
21529542
13906443
2425639
5456868
1352967
4528944
19755592
2475399
68074398
104784460
7721129
124434
2526214
6254970
10339577
23744892
13457792
147155159
64913652
64226204
79848574
11555537
7233390
2198514
8864089
8320910
1586217
36773061
427924
6255834
49125773
21394080
43553259
15146862
8944611
3896855
3764297
57291574
43036014
18770539
19043219
24361747
4474877
19560216
5038470
4935834
1206927
16321821
10438173
5288193
10343597
44982652
32979778
225687
1361223
12355063
8771542
64666808
5722776
80061660
4572229
89031424
17978069
18110697
10665534
3913947
48040265
6705723
561520
3725128
62405150
49861110
13199074
9498437
6407219
7475247
1856649
98129151
6939179
8320910
8856046
4069198
3970340
33207011
3079043
23988510
13958214
516607
2884981
22545149
15872616
82534
2458804
14846961
58699854
4912746
96548091
254505
76794611
7873209
12383455
4995247
965204
2203736
43190721
1490391
9552452
18533136
32483926
61106527
6757303
9632273
3364713
12016417
30786368
12487923
4161126
3019546
4574922
117074
5341278
269507
9238755
38800044
182066211
3148074
1042137
3258354
4555398
58112496
55611628
6688968
12746616
495600
75318388
16780401
4741674
37491419
4693812
1687817
49287
25565289
8134191
10346546
19040736
27652681
5551166
479207
51693922
20470448
11089344
479570
5989468
10992411
831632
27438136
45480171
21250164
8864089
12009988
10386122
507284
51689709
28590260
21388638
9928204
5408172
100835832
20587332
45296617
48654029
5254604
15009525
6285130
2228086
43553259
17891556
7001696
7721129
1797152
1558674
4010899
18397785
5921886
49856458
74286037
6104954
47435687
133836
22155816
9777790
28933733
1629144
41919822
40768428
18891427
62751872
12189561
2837107
14846961
3551395
6336432
26053656
19987123
4980072
2017071
10035508
123329151
10210062
6255834
21750912
488663
8253787
3381878
823552
28055794
10558604
43553259
8022129
2680929
1386396
16935741
39892218
8729548
12644177
32178021
1169477
949761
1744780
4912746
15962701
7981749
9731371
5155083
453250
17411212
8588788
1970076
1808894
38800044
3454913
6117948
44907225
1896471
349894
14558797
18460297
5355913
24759063
4638636
6552481
2781084
2021784
3454907
34470169
27886096
5529366
11553342
3811269
3535950
13721681
4212659
7874580
8588788
2328659
5745335
2327599
2290320
336699
804195
49861111
222272932
33922590
60127882
16780401
165741
30020029
9337980
18219846
4574922
1386396
9466269
21394080
34884671
194388
2884981
26298881
4190961
2747425
13238211
8769720
25878132
13765797
831632
113069825
66933168
900030
2571224
11903661
65540598
7974031
47770758
19560216
31467683
28936101
17249967
70803988
40707012
817700
5621427
11426310
4316214
67438891
7462587
16021251
1386396
252825
6336432
15663353
17130978
10240631
67923918
31292733
6336432
11426310
9818991
104639580
680629
5989512
10992457
21327897
27399399
14310644
4583796
36653786
2684533
1333900
9200070
18533136
6702156
350007
11089344
19232169
7383051
524076
39715326
376197
1011190
14311512
19931617
32135812
1424781
3599306
628847
7347527
25205213
6773845
4693812
24133656
549826
19232872
18430688
2771756
1808894
20458006
22086971
5403054
65286259
1241208
2665079
27653314
2628443
2615474
3518484
26944609
1098072
19232872
3447788
4247955
12997810
2736888
11061585
51039827
34524401
14585391
31548328
10346546
12606237
7776236
18180709
4340850
10431255
3735630
4980072
6047610
33923041
9818991
5788488
32232249
7931840
56027
9337991
178537776
76352848
9474116
30040192
37900620
7436110
19932608
31850622
2065451
10355279
22155816
35073729
19933276
99535611
8588788
4895448
2108514
630800
1702449
2736965
14585084
99526083
16321821
154458
4151860
12467495
3430266
10883180
26248287
20836000
10438464
566344
44173969
17549661
6083735
10541827
35584451
6065671
46707075
4693812
120366818
1098072
28354028
16719404
2936652
5148517
34378380
12778953
20066622
94998
2847295
91218232
21185304
105150292
2399295
23949472
6336432
23099971
14807824
4774934
10242442
18035661
2095947
6003188
11104749
4980072
25866329
21394080
39655032
4023948
13294703
16815296
7804719
8588788
61174245
16224952
46972863
2012361
2351388
23518829
8410917
10346546
164563140
75405
12378877
12625171
15547782
4741674
79135836
1757324
4693812
2266625
15434106
15272211
10278009
997209
24146422
1386396
4666311
23135838
1490391
118404
4611999
1184562
4638636
43553170
6843039
7627152
2629724
45354368
801132
9120197
4212659
22327728
10992457
5038470
36041069
4957212
22384014
66285
1080472
7314424
11214994
16321821
90263250
2486349
11214994
1428152
3499206
1985550
14430486
885996
738228
28794762
39090
2838672
11089344
1264635
24330072
10448831
10349019
7088956
13023318
11426310
2804011
20290448
28585202
5125520
15963659
28146627
9817828
1660178
3496620
6914076
10603126
37183698
14174931
45241998
32565471
7383051
2884981
4806696
7804719
31840792
269507
56879464
30188233
57609593
12625697
918980
28498453
11772054
16021251
759522
42210432
641904
9435257
9287972
11583054
2198514
8365304
30797280
12222384
95118336
62025030
237117
566344
11995919
58122976
831632
47004075
505247
61981858
2600961
1212541
4379619
11670197
58924548
19560216
212519
91807
49458045
14926822
3587134
2084559
14174931
885996
4058863
299089
9337991
11307439
3810984
121058223
14024136
37322305
19755592
13134815
33116455
4368287
15870579
7078448
411691
19587717
56432565
3587793
2560094
3891547
56668384
8732405
5791778
3671316
8864089
647593
2961541
15268704
6045197
15995570
8134191
2201397
39715326
19088956
10992457
49125773
41936802
197607
106346048
8667789
23548908
11903661
26053656
6359415
67443988
38800044
3079043
8276698
3633091
47416832
1264635
54991260
17881858
4368287
46401997
42893460
12858363
8864089
27885110
14024136
700632
33115191
10883180
39426417
997209
12021730
777268
14024136
15434106
20178
2082605
9337991
1316211
11214994
17219946
7219458
5529366
217331
23740223
19560216
30786370
6126612
3771405
17930070
7969141
28169249
17249976
136626
61981858
183544
751033
5988941
29794387
453250
61106527
16935741
3082244
28136387
4103484
10212153
21581864
14378877
172398
4161652
15146642
14174931
3671316
21863954
8271487
1653168
11772054
1657999
27622303
1856649
16473021
15578676
427924
43553259
19405311
15434106
154780
1915176
589752
5526549
1702449
6469242
2995406
13626291
24985360
20075823
31778355
30382217
9004845
3771405
9520056
4574922
20774939
23689293
34168053
2710254
2906082
27655498
10558078
10035508
1974546
8799770
3535929
44558065
58386518
2377984
9337991
50552648
9229038
2267662
20090136
138521358
38467773
80061660
29098258
11903661
25400856
11214954
1050639
30079017
6046545
28223493
536068
17328907
1490391
15707039
20517098
17351604
240807
1424781
9435257
48365298
25104316
9660654
14585391
11418213
2059119
62423248
1386396
34168264
2526213
7226434
8667789
442533
4073065
118618936
7001696
686040
32850698
8856139
35295339
17073407
309939
21133611
43645167
14723571
20632344
309939
1806710
69347378
81645448
648351
9933301
21576463
41919822
49780758
70315818
5341276
42553892
4912746
255591
18023225
12260773
350007
1591592
4693592
18890031
5493766
23745320
6073501
6688968
299089
10634792
40618378
344883
1652454
40962879
15434106
75893617
2524776
9628812
52502879
34269418
18205858
66507418
8864089
641908
14174921
750326
9731371
177561
2817861
17535673
49071368
6753974
1513254
16780401
21020680
4638636
22741000
77352198
2537952
700964
33923041
211574
46883475
17531181
5855160
11214994
2910258
59813842
10346546
194388
14544846
1661462
6469242
403928
5362948
72117
15851335
35092539
1225935
32559981
73901391
8667789
32240878
11798505
12624510
52680713
2588949
21102663
2108514
20705192
4980072
38035830
2143639
1324269
7290454
2570469
8584407
1264635
61292583
5403054
1778049
16522269
11670197
17249976
19754405
23745320
23006813
18533136
17763242
13226469
4254111
3548656
42877
6469242
16021251
29718970
7694535
1682134
7804719
13626291
4888028
860056
13382404
15004577
12749492
2032253
26053656
2328659
20568300
94625550
6421209
10771119
14024136
72117
93273726
6469242
3535950
143906399
24851551
10749399
2030786
56879464
19232872
1585945
83864571
125827821
6099231
58227463
2664948
8134191
28163665
6913863
24996016
1888204
4212381
43037184
5921886
40024611
84585201
42389589
108873799
57667185
403928
7926530
2639003
3079043
14174931
3671316
29525022
14836836
31585082
21297372
6390490
24996016
30934316
28348187
4741674
16472975
10992457
6407790
7077307
12887915
10558604
2629724
108297
2201800
69420921
22544828
47201321
608612
716612
3032997
2716082
291456
26945754
12259065
3532384
4556799
576536
6847860
3841901
6336432
1361655
32975344
371616
52753550
20661409
2045702
8132007
4830909
1407330
5157900
3914306
4859759
18677609
977904
16608396
337988
8599783
51538186
35264094
16748529
790416
947616
15141549
427924
23138600
22067778
6939026
1284075
2829742
2055494
15578676
17249976
10507593
1056525
23745320
8907189
12625697
20632344
546016
41919822
4806696
13644786
6914076
7001696
7475247
1176648
77925729
133624492
3304067
50232010
44721632
10394681
26298881
6271582
13738608
3404181
44912133
21864913
1090936
1609322
40537176
5593356
4740216
436240
11669329
14079863
2803944
400907
28870110
3325630
9795147
27655498
6400447
16152771
3633091
7944559
160734
120366818
7145775
597765
11172346
17408031
49531046
13023387
2504556
1629144
4040639
2473273
6469242
4917093
9359322
4061068
2425639
4977453
8149011
48365298
1225364
45332831
20994458
49523123
41283567
1438
7001696
2665047
19254890
14167572
36698568
7227347
7556088
13208671
5089200
33116459
417837
42858147
3368299
34168176
5845434
10203375
29234652
34042987
1731979
5788488
3276735
55071342
5341278
237117
46972863
1151613
13774461
2907270
8479680
5647752
4083
90808305
29291590
8944611
5529366
13988
1129779
8320910
18890031
457766
12858363
8397285
50264985
912372
1892961
16321821
30040207
5089200
237117
13626291
24133656
18799929
4793514
14565931
13510610
28012085
12260829
7804719
10822183
7314424
358981
21423707
6930740
3498473
3843645
130685790
6878184
22321887
918980
3586531
15676368
2324804
9504089
111652754
3866192
14286000
39100799
5529366
21394059
4161652
66284
11089344
36945628
3732356
29279772
2234459
9228948
10438653
12104735
19932608
819648
41574925
21581864
1609893
1380132
1958162
7974031
2108514
68512174
2486349
41984745
9632273
117610881
10124751
13884741
5495529
105119721
2330937
17458782
14492
1422432
122556
1136260
2232068
5989512
3955017
12381012
49562022
2234430
4804495
21020680
15568884
4072248
63313588
37173189
21394080
25467507
33653149
10438743
4089534
61938981
26418084
24353392
29299346
29011542
10665893
7422272
28211021
62597752
7235098
13111437
81870684
1324269
18775695
3032997
19932608
5856862
52852737
24690015
299089
700964
10665893
630800
7556118
28278327
34995384
190482
8616492
14585391
74019378
4157328
1682163
2773099
38389447
197607
101514
31509510
3902819
23317030
34168266
515241
7839720
11025247
1517337
3325630
4741674
12021730
3827229
1366936
15343122
14486204
6849128
7383051
18720484
7314424
3622653
8771422
8003199
103512
31548328
168399
1354257
722904
34470169
32850698
13624950
25208720
20470448
3587793
11487
1517337
10856586
9961476
4413354
1970604
21750912
40017915
2847295
3533766
30261156
4064548
119482309
24451095
13168704
240807
81147780
28802403
8667789
4952869
9731371
129675
47791086
400422
10242440
84470145
686040
24573088
13475319
107489789
20835999
29593344
4875324
3771401
29421253
24876780
7445639
863108
1970604
43792049
5593356
4688499
4805415
18720486
488663
15578676
10069605
10470017
11378630
56879464
14585391
13774461
1682163
12275757
23745320
1808894
10558604
6336432
47722096
56152372
5788488
2623883
13464175
1472535
7001696
256063518
2256492
507284
1300257
1766490
9126766
30536675
10665893
2740392
965288
896829
42210432
1679634
20290448
3241612
4077192
4569276
650880
127253138
4316214
1718496
23745319
23013222
62922148
4342949
16519809
13584300
140077
5111787
5845434
44734281
11555537
2693039
5089200
1815537
436240
15872616
18533115
1586258
27886154
1013526
115532841
5529366
26052591
38408595
52604875
11669838
82797578
7035390
85482593
1026504
2328638
7001696
39102507
17249976
132015998
20290448
30268752
80909378
25853080
10992457
37305900
25208720
25029240
4212659
3368299
3404181
3454913
10674134
42964118
7475247
3866192
16323530
979194
10779213
10430319
19036678
7721129
26053656
2961541
23138600
37018998
358981
42478242
2346237
9933301
36626482
9036454
33355887
3200648
15653351
7804719
12379731
39378024
16319004
21768018
25400856
52148063
42538880
4806696
13905177
566340
26298881
21421359
24666835
234012
21324184
46972863
47679394
10438743
12366822
9933301
25154007
1972389
2961541
5218470
10035508
13794082
47676502
11670197
4283679
22155816
60074710
2773099
683478
107133
56345631
10665893
30521035
488663
579231
12106920
8499140
1324269
1261696
2119469
9730103
13512065
37695177
1046790
13382404
14523339
24411276
20867205
3422271
34616394
4906527
17467824
96992091
1778049
4316214
135117534
53278489
93273726
12438636
16483143
35839485
36152847
28347322
3276735
222066
59447963
23949472
8864089
71787073
2170390
3811269
8397285
20069809
85559964
56062369
5565510
10883180
56198141
21206202
43190721
18292329
20018019
56749
23130503
2109666
722860
16290246
7314424
4368287
1915339
24760344
7721129
8397285
179491332
19831212
10809129
1650391
23283721
23541995
10438743
26766580
5529366
32717664
23339408
19932608
2359887
27309618
4103484
10665893
12546986
21087765
13380367
31292733
2425639
938379
24996016
18117821
111747
453250
7865859
25640384
48365298
11368426
34470167
1808894
45775791
81147780
6845132
6407790
23318559
5841642
6407790
1623937
13906445
2360404
16473021
2644812
21750912
30536675
36698733
358981
18937892
11555372
6352426
13389387
10346457
2221677
13512065
6773845
23690248
10883180
1816685
1220839
3200648
700906
21089442
1609893
69464493
37018998
10558604
23095634
96710992
1472535
58959872
6826268
17328907
318150
1924108
33923041
15004581
26894961
8904305
3653001
47812808
19232869
16608396
23513406
1424781
48365298
9857884
19710542
2903292
4233956
38798606
9337991
2569848
4474878
299089
2935268
18215445
27655498
8672355
4863467
36152847
4083
29590612
1151613
37563735
20347290
15004581
63313588
1026504
14699556
110195118
66933168
2004207
3077856
45141831
6336432
1788202
11089344
403928
30786371
371616
48762569
18035615
5395530
6773845
10035508
40421341
1834803
8499140
4161652
15004581
1046790
11061057
6948168
3019800
488663
4726202
5036960
24573088
4368287
5845434
39062201
26298881
2798630
7314424
9562926
25858376
39715326
66544992
10660086
11256448
18993620
495600
25640384
11917575
19560216
1628866
33076854
9129565
11214994
26296490
2665079
84117414
538330
26641250
43885501
1611045
8602419
3758223
6126612
3498473
8232965
52503091
6717818
93885645
9009604
86179149
2560094
59386856
11512660
10638195
31778355
21963152
16021251
337988
18717915
16935741
46972863
10665728
9051523
4014124
7382838
991781
1576769
18384966
8438143
19232872
4316214
3108841
4316214
6773845
52118786
91807
3454758
12496667
1609893
8920609
9051523
17408031
19405311
36151255
8354184
32324310
44517078
2108514
30181397
8944611
20470448
2050181
8232965
3961385
5052940
2486349
35404416
76352848
1808894
12948289
3715308
31778355
2387349
58122976
3725128
10242442
4657251
4161652
137121
474634
2834202
15837016
2289151
8864089
3276407
2961541
28590260
38800044
1508023
2328659
79018719
5989512
7877142
1157728
8760486
801132
27886154
7475247
14523050
8232965
7974031
41045283
21963152
1243328
2084559
56876647
12999909
3955017
6047610
7078448
33352644
68509597
18219846
1450530
29794387
4980072
24517053
1907389
19930596
7001696
45161
3000041
7627152
1657999
31292733
5652349
8285400
3902322
12930537
21440539
3276735
160371
30536675
5723190
136920403
4802700
608612
22545160
38467773
818558
55143389
4570182
7001696
650880
3343166
14555544
26720736
17249976
12021605
15434106
5533029
30040207
6195564
15434106
91458612
4528944
19232872
21433473
28026697
85541484
5723190
3535950
24532837
50336441
777268
5667163
72437726
12858363
293662
42323731
22586251
6914076
10883180
14585391
18219846
21963152
4980072
7248195
24740207
27891607
19198
12451177
4498133
2173339
12487917
46654101
32559981
1283740
1386396
115037664
1609893
49376208
11214994
4814452
14693396
25763367
33355887
118810035
47814267
26520424
35004914
8588788
55658600
2135
6549573
1970604
977904
13125994
29670695
22209396
50980572
2425653
31540378
45455
32559981
95125909
32559981
2554431
9933301
36327823
34538393
15004581
3325630
8397285
51684807
77352198
69788028
57793947
3812712
8604955
4255944
24504881
142536525
1264635
21260244
2769882
2225995
12999949
611157
1129084
34058370
1517337
106808802
9961343
27008529
17727363
10140237
28590260
3241612
31012845
33471009
16021251
13512065
6011139
4413354
71250768
12063894
25858376
19040616
16387386
7235098
6688923
5647827
16410952
12260773
32559981
20284607
18405888
2108514
12625697
39281968
768249
28590260
6773845
64172598
6524127
17249976
39074850
13876644
2021784
1888204
18384966
7958306
5341278
71788618
2961541
3152787
32064652
184584
4103484
366037
55441238
18720486
488663
479570
553644
8232965
48762569
1256771
29525022
3671316
58008918
7833567
78454298
18533136
52926
16462629
7451245
1702449
1998359
77347485
4260166
7556120
21308234
1407330
482281
29983261
913667
28354028
7235040
162721968
65123378
13774461
13512065
713060
24996016
75012518
23783649
50101349
20090136
33116459
52118786
9735158
6688923
358979
1808894
7262828
30040207
918980
24572925
13125994
908777
24550804
1731979
28802403
44187993
17500374
18402081
9868906
4255944
730296
12408335
16935741
13996122
12619817
169521
4422298
926331
5089200
34746317
2213490
2360404
5267592
25351569
13774461
650880
1539837
801132
4161652
16762905
3240102
10883180
10338296
14021319
40962754
158157
1278226
5667066
1146416
2128716
5979309
10409480
2265494
14430035
4109961
99767173
78284777
10882981
22917552
12635028
269507
6646356
45643431
14024136
33309873
14585391
2729408
801132
4153349
46588654
19932608
34995384
8560723
21750912
7319169
41598728
13101158
1284075
2124179
18193432
39962647
6625254
103762350
10759791
4528944
22215607
17100338
2526214
26720736
17238902
9925011
12454371
11670197
23113791
19040736
7966707
1098072
56432565
34414811
2458804
11670197
2143639
25858251
14585391
29160307
3119138
3438679
9818991
13626291
134449444
17408031
7702942
21477282
13847163
5845434
914265
57667182
74251398
2153747
801132
10052281
2328659
6246630
20750232
300566
57291574
1855131
60015706
25858376
133836
24974358
41927088
31065295
1077291
169521
32049817
2112139
100827362
974397
5593136
2960679
6255834
256563
930924
2143639
121533900
3741758
41598927
1558674
5788488
2027333
7884670
9435257
143916
1566676
137170064
12996715
8588780
7235098
1424781
66507418
28590260
21032427
21963152
21394080
650880
13125994
4806696
1169640
16473021
69788028
18523932
147285
177561
3079043
46238049
23518848
492470
9818991
554831
6047610
700964
58104496
61981858
20470448
92076769
80839320
3714210
2198514
26520424
751048
9088207
1324269
4313193
8232965
1856649
53055916
19345609
20087127
5919495
608612
5529366
4688465
965204
39137
1475878
46238913
1063494
9520056
7626907
32515711
13382404
9337991
8333399
15258305
9933301
123508263
28393036
17597067
28094931
10992244
17249976
1629144
2198514
2234730
5200278
8588788
95862
51990720
9710517
2736965
1998359
8771542
1063494
1098072
12021730
530227
8229137
30040207
18035661
4928770
13238211
12625697
70803988
66641751
2291184
1450530
91807
12158370
23745320
5387449
50980144
18397366
18268116
15666789
16780401
27716633
983142
29307592
24760344
8232965
106809516
6960584
4805475
421977
1791824
13238211
5270244
96358758
5403054
7556053
6681808
118749732
66044408
77088335
22246071
416341
3276735
1731979
11214994
101476247
10758746
2665079
2162342
3587793
1379882
6849128
15707901
524076
37310310
28094841
18270161
137121
7348802
16415926
3914306
5341278
2837107
2031134
2075273
22155816
73284578
17729196
1324269
8049208
630372
57667185
21581864
18392931
12381012
389114
273630
18730739
4693812
41249178
129675
990214
14844921
19755592
31778328
26298881
11772033
8134191
2931141
2226615
83864571
801132
22663991
1856649
9145799
5157900
23339408
58122976
17604661
43553259
32570443
10065260
41249178
1487829
14241168
12381012
1965636
65121567
16023096
10005994
81982872
6400540
8548680
3725128
16780401
2803944
8273453
4945922
1151613
2803944
7475247
2686011
39102507
12944
5207412
394581
85559964
18873891
21949164
18480
6561945
15260469
7253376
676852
9337991
78459495
273630
31778355
236657
3404181
3587793
7314424
52832
453250
535442
318150
27886154
524076
2958738
3456588
38198511
2108514
15270027
5089200
21291525
617004
16152771
1853610
12994153
42211125
109426727
4161652
3454913
31686759
4011964
6982273
15053213
7883015
23138600
19037229
7634799
16690996
24691241
4146316
6157414
11736875
23138600
9669450
13419949
6625254
4462436
2947553
5723190
51302
15578676
3169685
299089
11310848
5164912
1990890
87911607
288015
4011964
261018
14310548
1856649
4212653
676852
9145799
50137863
16780401
7067922
441252
45992871
1490391
624959
3200648
3528822
177561
4474878
6255834
16780401
5872233
190161
7066292
49861111
1386396
3866192
4759647
8499140
7145775
6488169
11677251
23745320
14743449
194388
91807
61503798
40634935
2799927
13626171
3200648
42936
27886154
7145775
7145775
46519414
6195564
44127414
4046707
3633045
2136031
13626291
4364163
2625030
3454913
918980
55607297
24002
9743902
29895247
48365298
4255944
21394080
3000037
8134878
6047610
3454913
89647189
12260773
57291574
19755592
16910905
3765294
237117
17222637
100127643
14069693
2351388
3032997
4316214
18587900
30546901
5156192
1702449
37574718
2198514
2799468
637912
77119009
31611402
24912485
29288995
30780260
2328659
453221
9731352
18898175
10656279
22917552
2381914
4413354
3000041
23754752
46222371
28802403
16745002
28801877
4806779
58835483
7721129
1101495
2665079
7767973
55490192
50232010
2665079
39192979
4598896
7357956
26720736
66507456
3535950
5723190
9552452
411691
2356408
2762513
34168266
2665079
7073112
9520056
4413728
281354
10370975
16608396
9707369
3079043
24900969
1263644
24573088
5847238
11284216
1386396
4161652
7974031
1026504
3757724
12684305
14174927
72657561
23252331
21185304
11885554
6995967
2328659
59940357
6237777
26053656
586041
1013371
23671747
47726163
89670357
7974031
1731979
21394080
1834814
299070
28590260
37310310
37342750
1609768
4161652
139395
39137
133635481
1739353
8320910
641908
11670197
15740277
1061357
1078930
108158914
37384538
486609
30034765
11544463
69788028
34469907
23336879
25922270
20632344
16611193
3200648
3914306
5648208
11492307
2560094
15146646
12749492
34470158
47293128
10346546
34168266
39102507
15624011
2108514
2847295
123506490
4097268
1657999
598613
39916764
8122449
197607
2884981
13512065
56851216
4574922
2206092
17073426
48154083
17729196
6551294
20677960
1517337
14389374
9051523
32559981
17073426
8043222
665032
64417745
247597
48784977
8609607
199902
7383051
7721129
9652367
3498473
36135351
75318386
24019098
65123378
41537919
26379980
441910
1008915
8789355
453250
25541277
413679
3033591
18533136
12182549
3535950
3866192
1914577
8944611
29067569
14996484
903904
3014755
4980072
846859
15872616
6047610
42893460
4370058
23745320
9997184
2753949
10834145
20568462
4161652
13362944
40468
2084559
281099
61726123
6773845
777268
14723571
3200648
94845057
7804719
9171025
31292733
2055494
461762
2084559
26298881
56879464
50980572
2198514
6469242
4638636
5339840
3811269
5464296
4740051
2736965
14585391
143916
30012599
3866192
40024611
26053656
7971847
16101112
2961541
27204243
5218470
553644
2694549
23725860
9813549
19405311
8059207
10745324
15272211
2108514
252825
1629144
23745320
8671887
2486349
19932180
1206927
31012755
13124862
107256776
686040
13505904
3032997
7001696
24573088
5098248
16608396
15434106
21262363
8771542
71541021
4528944
193697
95739147
6407790
2486349
15872616
15804172
24160459
44664212
8386498
21394080
5921886
4212659
1731551
12021730
12260773
58540976
7001696
910624
17668199
6556635
27651088
20108268
12778545
4638636
4103484
26053635
6469242
71452196
15004581
27655498
24573088
817700
2194699
2741065
104715
1951273
4089177
12487923
4328112
10558604
39378024
1225935
2458804
75417
45186225
6534535
2021784
44411946
1731894
31292733
442533
6187614
1151613
992442
2428216
64666808
60423235
15197827
44414274
41598927
21315788
2049531
751048
3955017
713060
1098072
21020680
32064652
1450530
6006279
7381542
4061068
37310264
65123378
13780767
6443350
5723190
10124751
30040207
7434609
34465759
9818991
2018967
6407790
28590260
74251398
8703013
12125400
16788454
14310711
5788488
33923041
19040736
10759170
29067569
87911345
2714406
5921857
6428105
11460779
777268
1170777
2858066
5845434
2198451
181667
52242438
24523801
11645733
9520056
608612
15004581
7721129
18533136
2773099
24002
13343267
19843935
3914306
6142844
329553
10438743
1814195
32222533
1063494
3633091
3536214
5038470
17647258
39533127
65833011
16738134
24538616
7145775
860056
3811269
7877142
27655498
5403054
9337991
1026504
817700
29307592
47247191
51345945
17939167
8396004
5159394
15578676
9933301
10683055
411691
55217952
1657999
58540976
6298645
26298881
790253
3497286
29850890
4006867
12269286
40074798
700964
8320910
11214994
18533136
3771405
5476060
10035508
4413354
9632273
11322539
207924
20811681
28973230
2400343
4862002
44895847
17408031
2234459
8037469
8274255
4509822
16863965
13446977
50980572
2458804
4011964
19232872
18889985
19232673
8499140
77795748
16161473
8134191
2628489
10124751
41919822
37270004
2884981
14585391
358981
2684460
1613787
3404181
13862000
568912
522720
2517550
203325
45556426
68348028
27196860
65903451
4574922
2055494
9126766
1354257
41112
5529366
436236
3671316
111747
738228
135966
2081610
20836000
6255831
9517035
2198514
2884410
14174930
10124751
3811269
8667789
6914076
7056900
10330631
2368456
14024046
380849
2665079
15842832
10993482
3866192
10948245
3955017
12272170
2055494
15146646
58214901
24363784
2526214
2055494
16996340
10883180
11214994
5403054
350007
15578563
58122976
59813387
36699966
5593356
732501
6272045
4528912
6492080
13979
20290448
3241612
11538068
5157900
44862706
15146646
28590260
1539837
679937
1013306
18707616
11555537
3404181
22327728
2884981
103512
447190
21581864
14884194
113458255
3955017
142545862
66055878
58924548
2328659
576536
16321821
817700
55602573
4638636
66407
16935741
19560216
18805748
4368287
3772170
2263524
5648208
58692
16021251
709498
13863004
25735385
27439327
10540206
10035508
2173215
1731979
14821870
35839485
6788727
3647334
4103484
5826166
4161652
11426310
24055657
539905
1300257
4520994
78386322
15578676
71746322
7235098
28354028
5921886
1365970
29307592
5869941
11772054
8748709
7850560
5425974
1731979
10883180
12431548
10790883
10665893
10242442
21186800
20160624
21185304
13376563
263851
1892312
38467773
3343463
79230028
24425803
38757167
10124751
11327617
29793580
5723190
16472932
13906445
30422523
8667789
2173339
6551767
16935741
6196542
17442126
205611210
49511104
39102507
78454298
12260773
516607
78454298
15146646
26520065
1586277
18503859
5788210
366037
3200648
83195715
19131763
7721129
6552481
3009468
51302
74122
13774461
1169640
2736965
16397181
115221576
3200648
1808894
31778355
95426682
133907240
1517337
4413354
13704722
790416
12381012
1238041
2258627
52280252
29526984
57901367
6737888
777268
1731979
7721129
14553011
554158
14523117
17297433
60672353
6688968
9435257
11772054
3683196
358981
16935741
81926873
10035508
24725701
21699301
3276735
69788028
1657999
1308093
7307634
9933301
2987642
1424781
776277
2263450
14913361
33653149
30040207
6445422
4949783
3866192
6407790
3898714
3325630
965204
5038470
2233889
9731371
46738408
25640384
75467286
6964944
3498473
33653149
11751809
23339408
1056735
10984014
18682806
553644
5630772
6625254
54457553
18856460
45012
39218547
272932
30591754
80061660
56062369
12260773
35839485
6282719
7202677
11653389
62456615
2610849
965204
997209
8658585
28354028
874312
488663
300654
6255834
34168266
584748
27648
3119138
6252813
1169640
546016
21297372
15712203
3000041
4792894
997209
2441337
2055066
650880
13626291
38944459
14418999
3379899
1808894
22644536
14147035
4103484
75643002
9632273
29307592
19028294
3914306
21096439
2654136
1856649
53160780
4009927
45580428
70767242
2494413
2084559
2265043
25330752
468552
1671555
1450530
6336432
2933527
11214994
43863336
2731124
949761
1624615
4103484
4332205
123233289
2883713
13512065
3718432
1284075
4704650
1573147
17243280
16429962
20470448
17729196
27196906
949890
4474877
5080089
2055494
14995358
37310310
6646688
4474878
6804774
118404
83661
49254106
1970604
1151613
39378024
2084559
11555537
4574922
56879464
24996016
2882452
22972598
21360598
6594926
3756149
9382753
54025626
918667
4018770
2198514
10883180
1915339
1077291
4011964
169521
31161542
36152847
6534985
23337597
11424477
77352198
479570
4401912
77925729
19232872
74470816
4033682
8499131
32850698
21832128
617004
9900921
80061660
371616
676852
5213157
7468138
21006692
18720486
11426310
21766800
14492
23518848
5218470
11495918
42773073
6143045
41818045
388409
5920053
16814265
965204
18890031
6688968
190161
9337991
109526088
8456263
3200428
16021251
3734732
35700417
23518848
9382425
9229038
6519100
13382404
3715612
5723190
17408031
26819221
25939900
1970604
13382404
20632344
14736555
2526214
18841304
1495439
8051599
6999885
2608255
3651018
37900620
310304
154458
26053656
488663
16462251
15872616
1184562
38240359
84782
19981464
436240
23745320
1657999
117610881
16780401
5276592
7877142
402616
16778693
55867047
7627152
7310328
18002690
10665893
19558032
35457362
26969905
11955323
87134339
874312
41574
70635
61688088
8338593
1937649
8254500
11327617
59386856
3914306
4977453
56879132
51701451
28747597
566344
3587793
1754375
30743475
16780400
33923041
2694547
14174931
17729196
49125727
8725818
23339408
7804719
34042245
7974031
5989512
2916471
7792841
1344708
4806696
4806696
17857767
3863588
366037
1586277
157077
1731979
6849128
21581864
25856565
759255
26674921
16608396
8059207
14489994
3368299
2458804
8864022
29525022
14430373
41595099
5270244
43553259
19905552
9933301
918980
38920519
1947075
14541897
20688715
630800
1845155
9632271
20178
3325630
7971640
3118443
72117
181674
45797539
461762
5648119
42887619
9930919
5921886
4638636
5593356
9754208
12260762
43054205
4079403
1962852
1489110
9370440
24363784
2425639
10438743
44558190
5632178
21344793
12125400
17249976
26038842
7774971
1046790
74122
51882604
16321821
9337991
3404181
2847295
4954020
4474869
16718253
184584
2629724
11751498
43753372
11327617
40962821
1343128
60544223
390579
8232965
5449304
40246781
3241612
23917740
12625697
44558190
461762
7314424
19232872
7804719
36358518
6126593
553299
786414
20470448
3000041
45379641
69842528
20835942
59803184
3498473
16935741
1145346
1585943
26969905
100728220
34746317
41249178
3241612
21750912
58540976
66507418
1284056
45204705
14396874
19755592
10014821
14884582
9337989
2055494
36441861
10987144
6623119
12611709
1866546
1073784
41919822
21184947
16473021
15707901
14585141
4008236
11899713
12748590
56062369
790416
9051523
121871156
868448
311503
3226304
66507418
49795770
66044408
2884981
25303930
4212592
70315818
21379296
1624431
2080110
39859381
30261156
13906445
24694580
7267879
8304157
12606829
38800044
11742
111993483
64520027
51356924
5344296
21581864
10992457
5593356
62423248
6914076
7677285
3000041
177561
5157900
32342839
3866192
38769412
5953987
13125948
9435257
23103000
27655498
7327222
1386396
6414581
712365
35304003
87902943
43808054
27196906
26785321
35254816
58406057
29538438
20090136
33922346
25095446
299089
9933301
43553259
75789798
584748
88673148
46238913
32064652
533995
6551955
32850698
12125400
6336432
2291184
21185304
2803944
3152787
7804652
24996016
4263887
9229038
14585391
2425639
4212659
15118626
1085348
4451291
1558674
15938167
33235500
11095202
6770003
15434106
11397941
39958683
19215376
71152
1479336
8320910
12125400
232020
1026504
6126612
2458804
76352848
51700589
576536
59192468
10174542
32559981
26510613
12725212
17073426
26969905
3119136
35839485
977904
4316214
11008204
1264635
4980072
1386396
3325630
2526208
4846041
28507100
9730564
12625697
11214994
6586373
22098249
9512187
295123
16021251
38800044
4536520
724883
3670746
20290448
14310491
1629144
7078448
1808894
1011213
4368287
163676652
203325
4652809
612855
12008786
3368299
29095281
12142369
4144061
38800044
42335667
703220
13869699
30139889
11214994
2558890
4316214
36674161
878871
1407330
34095704
1681950
2965174
64666779
1661337
98615392
7823355
5192637
18410361
25640384
1225935
363646
13204149
10883180
35839485
19232872
2108514
4474878
32380
3864484
3079043
3352243
2995892
10035508
105962153
19755592
13512065
5686788
8851159
12749492
7790432
29735543
118817406
997209
52118786
5921886
29794274
29525022
4474878
14723571
4236484
10311007
2579745
2804033
95862
2173339
3679212
14924417
52267789
45907561
4763577
24572925
3325630
9229038
1012955
13765422
42058676
37448275
19410408
15431289
22767183
4806696
5921886
7899909
3276735
9978931
5256508
14585389
12021730
7396934
45806080
37900620
12696512
5341278
8134191
10008067
39378024
37018998
380849
77352198
87077
157088460
512636
5315977
90808305
2055494
21394080
2084500
19022174
19739050
14846961
48759119
2961541
1998359
1324269
35839485
13509116
33090365
1136147
14814
6047610
7001696
4348204
4474878
19232872
978555
26053656
6383904
13798449
5218468
4065160
18720486
4763577
1264635
3587793
5950989
2242529
5403054
145428740
2397595
27196906
12186624
14430486
7596793
38198511
13382404
55455428
38679834
7556116
37092380
5155083
13382404
581513
27114567
6126499
453250
49124909
4080624
8850090
24487836
8317593
46576454
15637032
22625527
4381158
40648923
23964476
13512065
11787909
435669
24267762
35170167
5038470
10992457
1450530
9818991
4197810
488663
6688968
76823530
3404181
5921681
19119998
5079591
11214994
34509200
42713649
10035508
8134191
13151134
1774812
15678100
25858376
3535950
54457553
1324269
8864089
20290448
31909766
3811269
22888454
3428510
41249178
11969321
2175139
14723571
9343917
13678599
21963152
47231055
11426310
24363784
12967614
27655498
44097408
23381070
6688968
7113975
5921886
3032427
1856649
28509908
6047610
3032569
11670197
350007
42547509
7954752
6195564
36835824
716140
1424781
2961541
3454913
722904
20836000
7493984
2259950
11450411
8912463
13259889
32559981
13906445
17717922
738199
90799050
3000041
3955017
1856646
9475102
23078057
60997
133936
9434686
39715326
18035661
23339408
36759364
143715631
5723146
13506026
5341278
3454913
15381846
22982295
13897341
11555537
12858363
8668030
4316214
10450776
64688158
1300257
14962272
2328659
3914306
48115312
3325630
28602011
15850238
3765294
4741674
23745320
2588949
44896086
3955017
29195469
25332239
4806696
13512065
5672868
19595722
9927085
3079043
5308918
13906445
57291574
42295282
12260773
29818195
17531019
8667789
43468533
23339408
16321821
30786371
1242550
179896
37565807
36985035
630800
1675266
8578774
12372915
15578676
13806492
55658600
10992449
29794387
27655498
12749492
32559981
1636625
32064652
10786863
118404
5983615
11325806
5236739
3119138
11155117
19558405
81693780
8239919
5403054
2102527
4060617
57265673
9754416
10252380
9818991
831632
24362597
21204112
1808894
1063494
75318388
3032997
14430486
45856017
2458801
41249178
10916946
15230835
72283608
3640563
34470169
689890
11214994
6469242
273514
10759791
27038749
65123378
11151444
33613908
47293128
8555408
37505970
2736965
930924
203325
3771405
18890031
3811269
31778077
9987176
2328659
37575477
53915325
18035661
20090136
997209
35920926
9051523
6948675
620195
1225935
5157900
24811586
1202933
10026508
21289056
12806301
58201644
3454581
44128085
10140435
43885918
19560485
20990352
2847295
665032
25637993
57072864
40304394
1147156
83830509
20290448
243769
914253
1063074
4912746
3720891
10877738
9067943
47293128
16012792
4750218
10346546
28422468
39262580
1129779
1005144
39746323
14430486
56384389
27915237
2425639
8058756
49473743
18490725
23520383
34401434
40643826
8968110
3290549
14350049
6146720
11096988
7154560
2425639
10548812
20452439
299089
9435257
84782
3119138
2762896
4574922
101456408
8899599
730029
29067550
3325630
3725128
23515827
1386396
24363784
216049
20783357
10872106
16608415
3079043
3368299
7721129
40298268
9760022
101618668
60997759
7117761
12749492
3079043
15434106
18720486
43190721
4255944
29067569
6840128
22132956
1206927
5921886
1290428
9435257
860056
4395656
9520056
10665893
43553259
167467008
52118786
108199042
2803944
1773336
14174653
10924737
67213459
19932608
28590260
13125994
8397285
890722
8397285
27886154
2736680
48762569
14723571
9933301
777268
524076
1199187
8585952
3293679
918980
3725015
2736965
74806828
5273069
11836147
11898937
5403054
7235098
11350985
9145799
8320910
74894071
1339214
5988650
566344
1046790
8499140
4574922
64634794
3498473
5877508
13665738
16021251
8499140
78292
1264635
76544002
41397613
4011964
2055494
20033576
4741674
14162489
6345903
9435132
55213542
94448571
49125773
7145775
10242179
11695650
29794387
41598927
7361732
4773896
6625254
7877142
17891556
9229038
24830559
3078832
12260773
30040207
318150
8667789
7001696
1799243
66507418
18871551
4083360
3610639
9545081
14174931
2773099
49544702
676852
4729976
14592225
4255944
2265494
13125994
5964350
29814520
55311237
401453
49287
137121
1527096
777268
7804719
479457
15969871
70270805
9818991
30261156
1517337
1731979
13890004
1151613
4061068
3928385
1240401
3276729
1947057
5804281
949606
501842
21015783
911145
37972173
5378307
5038470
13283217
26237204
2560094
18533136
19405311
30538107
28354028
488663
16608396
8042973
21394080
2291184
7345572
641908
7721129
13906445
5845434
6407790
7971847
18035661
17709736
6195286
4103484
22545160
13238211
8402332
24320263
5529366
5148108
3811269
27655498
7001696
2055494
15434106
5593356
14058870
309939
17190587
20009349
48439585
64172028
58540976
4290995
11089344
4212659
1517337
8176938
38800044
53302722
5155703
25400856
62423248
68846920
95385969
15272211
71250768
10883179
2375772
7001696
2291184
12520865
12625697
25236349
12487923
74866505
6126612
16030464
33653149
8320910
3000041
860056
17408031
14708186
4528944
4103199
8499131
885996
5808460
15707901
31548328
329547
15272211
35501302
5022830
1077291
380849
13667796
2526214
11411496
21060903
120387
4528944
59813387
903904
70803969
15137259
97032564
17981497
630800
1808894
28696003
11487
68348028
4680569
2526101
30042083
4091720
6405911
24993625
686040
25208720
80352
103451546
21516489
36439740
59463950
66940080
4806696
14846961
7235098
32061543
48762569
846312
19040736
3688875
857982
15872558
2387349
5535663
37018998
40024611
21092322
8075499
5414602
5788488
139425701
4140471
27111585
18362912
4741674
860056
22327798
630756
18712734
8013687
143916
2736965
3276735
7380102
860056
24988891
2694504
2309977
25810044
39102507
78091109
9034027
24534657
10665893
1517337
24002
4980072
147285
31345369
17413883
10913544
4103484
6195564
8058848
2196477
38800044
403928
1515746
1206240
2526214
43627040
17241312
30040207
50683900
67443988
2961541
5270244
26969905
604206
29386504
14846961
20496041
151875
21935142
9051523
20078700
14024136
2327024
380849
166060
19605531
32064652
2788864
20330526
6914076
3579667
7173919
22070117
22507461
4007194
41249178
84312837
5270244
9229038
21963148
5157900
2143639
2526214
713060
2961541
3477531
39658439
8059207
33923041
918980
17011767
17755868
23286383
121001276
17073426
34951373
124905
5723190
13382404
1063494
4516740
2107944
17549661
5355402
14024136
1698366
5104872
46942535
7498207
28590260
28802403
801132
32906841
13382404
9000003
8320910
21169110
1184562
24377376
75586443
11326175
84520
23817755
17594550
1237490
2216963
10234056
318150
12748590
30008491
118258053
4806696
135225168
4741674
19755592
19755592
23653258
28936075
2773091
68644023
21534970
4402768
80725056
21581864
682956
19755592
6629323
13382404
13192608
2803944
33355887
59811531
1473849
2507438
65594121
546016
997209
51302
33263242
4574922
10558604
757149
813290
103966701
11457113
9523938
20477019
27400464
20836000
30040207
5643919
14585391
7877142
715509
36152847
33653149
56062369
2234459
8382876
12044932
30040207
57800579
10759791
9337991
19323996
2424129
77766696
48365298
5529366
4912746
11903661
4316214
29307592
46972863
95119143
1558674
247588
10378998
18266562
3454913
13125983
842604
56879464
1211443
6955614
37018339
18212959
461762
22327728
98863593
1834814
37900620
10105739
12944
2773099
638229
20276460
16018045
12625697
329553
34995384
40648922
319981
31719618
27454553
11822831
1460279
24759893
4806696
22545160
344883
21354943
68537769
2773099
26969905
30172569
48824680
11555537
38464752
1006119
5341278
7243656
1834814
20253054
11555537
17891556
12260773
4011964
24609692
5157900
25208720
8771542
2668551
56879464
70315818
17549661
19405311
8894323
1586114
3186756
4529766
6086156
251298
7030647
5229330
58540976
18382437
49328370
5218470
5648208
1939995
4011964
1970176
8134191
28590260
13106217
318150
1115676
5493828
1386396
8232965
134239471
6407790
40590286
1610013
1731979
27287717
4482148
4636825
25061934
1476225
12342432
41917638
12769659
3009468
222066
291417
17249450
4161652
650880
12381012
75789798
6505509
7627152
18890031
95862
17150400
4346057
19755592
27886154
2084559
10759791
14943584
11555537
18890031
18060416
2832803
2143280
3091868
3633091
8913335
12625697
50567019
15272211
65431818
91807
40097565
56254608
133596
3058640
42209737
25640384
8134191
73705239
3200648
1545
2234459
257295084
1300257
156095940
1019282
15229928
81837
1808781
24815482
13382404
930924
1361223
8397285
1225935
2526214
6336432
5788488
5593356
18720486
69488974
57077982
442533
1386396
8499140
3725128
14024136
24996016
4211615
3954854
25833540
40024611
300289
54855527
4344694
96029762
11053846
31012845
25640271
2554887
1731780
71788618
4863918
26028360
1888204
64719995
6060245
19755592
7108353
2291184
700964
3811269
24237730
104062563
20556
20835942
12381012
12227990
8988030
41574925
31996476
20470448
3454913
57639660
53787
3222948
344883
39137
32380
4161652
4474878
81117244
12021730
31193452
2108514
26520424
15419292
26053656
68289
442533
4367928
4763577
12834198
8134191
4246596
11214994
286895
2383899
5157900
477609
17729196
21394080
9818991
48885459
10252380
6504867
20582662
4413354
28814272
42116285
3403611
9731371
2961541
19405311
133111749
2457536
12258736
11368670
96992091
27387144
10992457
133528433
2847295
2291184
73535505
15270027
5284680
1361223
2328659
4693812
16568484
16608396
20472741
33554744
16321821
3032997
48572049
66044408
27648373
2078857
11772054
8397285
33990599
30575847
38683654
23745320
3152787
38198511
19900604
2916474
38800044
6879268
38467773
3048759
6474168
111088
65234905
817700
61875651
35823686
2202739
27196906
2874778
30786371
2386284
95862
9435257
34995384
17653502
13436399
19446657
1511658
127413204
36439740
3725128
6580305
4316214
13626291
8499140
18501407
38800044
1424781
9933292
665032
15444715
6773787
64666808
7308885
17978535
60345
2803944
71541525
7319003
20963108
322800
33653149
11089344
64666808
6132249
37070514
1926402
25208361
16608396
15872616
3404181
1834725
4474878
32594799
59564088
2387349
25289109
34995384
90808305
2108514
11310121
2625057
41929049
4806696
15736943
4574922
8771343
5529366
76352848
8123117
52485603
25208720
12999994
129675
6407790
38198511
42210432
5938035
5648208
19755592
13238211
17408031
71788618
7383051
874312
3914306
23518848
22917549
1407330
2570749
442533
3811269
713060
589923
427924
1052426
22961039
28354028
13357231
30536669
7001696
15707901
5080089
6803260
10238574
1324269
47682316
37674670
1173800
6336432
12834253
13304112
286895
17249976
4574466
28802403
2377734
37575477
19752085
2800339
3866191
13660847
5444883
9051523
10734495
23949472
52481296
5218470
23949472
21750912
37575477
15118457
1808894
7001696
61490616
38198511
10346546
1998940
28877408
133836
40697051
1123108
36439740
19560216
26053656
1517337
6126612
10992457
37018998
6047610
15434106
24337190
51012995
9912889
13535277
7371309
2916474
43190721
9546654
514472
16321821
46961376
9337991
4108476
3921673
389227
2186772
119790
16910085
60367816
8499140
44987794
70315818
818602
2328659
990666
9525414
107133
43040853
8189847
27160931
21020680
10035508
24870732
2847295
2588949
2629724
5593356
9578184
8973618
8266628
10035508
2084559
1046790
25640384
4713922
91458612
29307660
8803926
63313588
2884981
6773845
53835465
1517337
288471
19025922
225687
34746317
18890031
2554887
11754741
6552437
18035661
6102397
26520416
7627152
60201538
15138696
10814727
3079043
468552
1803422
7951595
4484802
16251771
47055353
2360404
4356800
1682163
26602079
8058681
536068
9632273
48335357
3587793
9730920
18720486
12999994
6255828
20391537
34470169
23626916
39378024
1098072
30040207
3276735
13362944
1063494
20448070
885996
3770124
32064652
24027486
11621865
6849128
14846952
751040
7001696
160799923
62826198
7649805
4980072
8944611
286895
5341278
4161652
1026504
19745800
47682343
1915339
5075428
3404181
17249976
3205640
1560462
55238622
494784
965204
6914076
380849
1609893
17884067
11099521
14586755
51701451
40626739
10759791
15272211
3119138
3489137
14174931
4602279
28354028
3402636
45925659
84854718
3914303
489989
31220616
203325
10992457
4045762
37018998
507284
459627
8544903
10290169
305708
7485368
19486344
6375501
7383051
83864571
4316214
48332
12559290
45548048
13906445
12999994
20470448
1223949
2084559
24996007
10124751
10069119
27664088
2961541
661753
1558674
107133
16187985
6625254
4260187
13429657
7998210
65941716
96907309
2912391
2803944
3079633
329553
43618703
13119883
38800044
4979644
752733
16445573
32559981
27653064
12021730
61106195
1344708
21371220
143916
245168339
20232285
40174988
7806090
1179976
2055494
507284
4011964
340077
524076
51718615
10781242
5402996
5218250
1915339
38704182
623708
36874116
1176348
3164443
3454913
35584451
36698733
2886739
3866192
1657999
7235098
156350865
47191351
222283135
6980038
23691267
21774192
16780401
2803944
1977898
6126612
9435257
2350201
507284
10346546
5845434
616993
23523763
5341278
29067569
9731371
324548
1970604
37575477
3368299
2629724
4234708
9520056
23310725
417831
45580428
9362709
5788488
17399853
4741674
18394369
1450085
12999994
19852256
737097
1324269
3498473
20290448
8320910
30261156
6263607
7721129
61962398
5586231
3755083
20836000
3914306
5516924
12125400
3633091
10711862
35875074
3276735
14846961
12921615
11196556
17715208
122934975
2694549
2736965
5959184
9408649
41986245
30153955
813084
50429808
18532680
37282707
8667789
51356924
463847
18219835
40815900
124434
39102507
949761
4078188
18228946
23834263
25400856
281099
16780401
11214994
29067370
23949472
17214704
4281881
8909369
1424781
79996749
16681214
324548
65873722
1657999
52832
1808894
5038470
9337972
1076577
6010980
2173339
24760344
1115676
1888204
14844287
35584447
7804719
2665079
37247543
18954543
31921125
84432710
32559981
9562766
5097
5559164
616818
29067569
57164624
1068734
37722753
3811269
58540976
7001696
6126612
34168266
37422
27654060
79358489
5082406
73284578
2256057
14987085
10558604
27173186
6000144
27886154
49125773
6700107
5723190
66507418
197607
17408012
566344
4474878
21581864
17729196
44407174
44558190
1424616
11903661
52852737
16015140
6722346
12858363
555075
44254178
143592
5097
3368299
36147006
2291184
7624968
32845601
42567687
10206842
102073689
16935741
1823474
33355317
4161938
1476181
34988256
108140148
49441585
34470169
3535950
467931
6849128
4528944
10147326
30479600
4222656
203845771
1424781
11327617
918980
42420516
29333889
8309655
3487715
60730177
17667114
13538601
23518848
1915339
2198514
1046790
6625254
1888204
61591890
5341278
170478
1355274
41242970
1026504
4289620
2425639
22857
5019693
6889949
10537725
8771542
16611972
1063494
12021730
61429709
38198511
2225795
9482634
6553928
8397285
1990605
104784460
25400856
4314946
299089
134542934
98302554
9762872
5926281
2055494
114442152
6124451
2338193
3126927
855009
2486349
17070477
63643362
633170
777268
9933301
1013526
10877799
15578676
1105297
16067575
22545160
5529366
1778049
31348137
21293227
39054175
85839373
26053656
10483509
68868578
58516540
17317661
45831804
977904
6255834
52820638
516607
3955017
4693812
523011
78125242
5648208
20737949
12450192
57291574
5529366
45925659
3059938
8496308
10558604
29943541
79985573
25302396
5723190
9610782
24996016
1697340
4441029
78558075
2847295
8397285
1778049
26215902
33293870
885996
78292
89031579
3271876
5972081
8062511
3454894
6195564
5157900
48040265
199957733
11301131
8042494
26415410
6849128
17249976
93885645
10759791
11903661
965204
3771405
95179704
14031015
1763382
3814102
35584451
3200648
1808894
5591545
7627152
24061634
9337991
2425639
1063494
9688645
18793665
13125994
12125400
11903661
21445839
4562521
30261156
11555537
1517318
41901342
57291574
1206232
4946010
8757390
165741
4952487
16153829
18384966
118404
12625697
597775
34336333
3914306
32850698
21750912
15434106
2055494
121058223
2021784
11089344
59508908
12021730
60667202
19435782
6336432
1077291
8758405
2234459
14024136
8397285
11560839
41919822
8051257
44558190
23477412
4011964
10035508
32064652
21307003
5162443
12625697
5845434
4671434
3325630
42291452
566344
23425852
2143639
16608396
29189188
734138
856228
1608192
10883180
38198511
50569203
859402
26045605
1077246
665032
46622485
6688968
87077
39378024
12882044
1206927
566082
62512254
26298881
3000041
23219494
337988
31292733
65809550
751884
8864089
2543552
23226847
10343610
33653149
488663
127140
1284075
1095131
34746317
77352198
16780401
113783450
11804474
15294631
102038825
23745320
25208720
3725128
7475247
17106060
1941467
3325630
56781989
9818991
11388252
337988
219924
8521024
1834814
1888204
2328648
4638636
11016267
318150
1071205
21719281
6552481
8227124
2161442
10242442
161742
25166121
31548328
65948455
27561606
7627152
28575057
39219726
23745320
819477
15707901
1300257
31161351
17571666
536068
57382860
5403054
1472535
47293128
137121
11405729
2328659
5845434
18533136
16419201
49287
24573088
8220523
2291184
36327117
18223036
16018930
51356924
9051523
4050008
30786371
36152847
48180714
85210336
31548283
28097238
22151988
3042272
13238211
3239050
10822936
15423051
3081771
10496256
40304394
749780
6634588
108501
777268
453250
51701451
22327728
11073110
11214994
39102507
3032997
8499140
43190721
1101740
77925729
6775006
1047469
6047610
29067569
4461934
2585928
34470169
2541996
601967
13512065
35296992
16780401
2629724
2173339
2143639
11708978
14846961
13851252
1757324
12374143
1129779
14772418
1717506
6382951
403928
8232965
9818991
111530421
15132816
1888146
42567687
8434087
4741674
4061068
1063494
40735260
7001696
53278489
7334043
5157900
7475247
41436663
3186458
21400190
2019200
60202488
3366147
24573088
98705812
2658110
32063845
69105723
6047610
14118904
4528944
3498473
13794082
9051523
1090464
15872616
16473021
6469242
11759745
17536214
3514687
4806695
9042859
18720486
10203
27831930
1129758
94544135
57667185
1847419
175483224
66507418
16152771
22648626
608612
1586277
842604
12563607
14339677
20290448
2167233
13238211
7280901
1913528
12381012
8048319
8588788
73789208
110941594
13531516
36495587
777268
25758123
23339408
9520056
6853825
4212659
8499140
5456868
2736965
26720736
10881472
165741
102791810
17487322
5367726
19986
12375477
1264635
92556
1166082
16207480
46622485
80061660
19923608
44821964
9933301
9008646
18652914
3587793
860056
1757324
45014544
3000041
16321821
917381
2021784
461762
6578784
24356650
153564
516607
41917638
15797745
13671561
25858376
19232872
60673898
8497103
25208720
11426310
17393539
31778355
417837
903904
17895379
1169034
7627152
16823869
10982734
34746317
6849128
12625697
328816
9050458
16604889
4300574
2387349
11205202
8770424
31012845
46049478
2360404
8499140
5407581
27400464
8667789
85559964
78762356
3241612
11284845
40962860
2588859
60997
1558674
4413354
50980572
37443209
1998359
122628607
65386587
17843387
32935559
2961541
5826284
3430266
23949426
8310300
10242442
738228
53278489
17724099
29307592
20072058
58122976
1407330
18384966
22545160
6885739
3982973
1668387
21624103
23460156
33116459
4912746
21750912
19405311
5376867
20836000
3828405
4343847
8944611
31201088
16321821
49287
6045213
10759791
19932388
2968665
1831353
31778343
1586277
3430218
19174864
7145775
14174931
252825
44530176
1998359
60006797
165741
4405842
24632441
6510171
180951887
9129257
3404181
5909444
87714000
4474878
8772201
3412285
22086470
6417398
3368299
115810696
481562
1150449
32064390
62640069
15707901
331852
1586277
3799785
70803988
9435257
16152771
26720736
36140324
516607
31095078
999034
3489641
66925840
3196238
15740277
11088279
10558604
120387
120387
158901
553644
14850227
5341278
468552
1888204
5900228
6552481
2189447
8134191
34995384
8231979
20972348
2184273
45012
4061068
28094931
2385516
20930028
8944611
109556469
52858597
88699791
25858376
189780954
700964
31548328
33771065
25640384
14429745
49388910
16472954
20836000
12260773
479562
4212659
118404
12999994
62718778
2847295
20836000
1472535
7475247
10419846
31012845
474761
7808290
20312315
20087574
2609168
30773929
2719861
11555537
871450
3323506
965204
19929587
8427980
37040564
15707901
2918833
7314424
1503687
33216492
7555842
1915339
34132181
13441707
49327995
59015899
33923041
16780372
58122976
1013526
14549440
7648032
2588949
3758359
6904872
4474878
14723293
21552825
1013526
47479018
4175913
28246996
11327617
22839
1311274
370320
1643185
23227661
25208720
41249178
6469242
10999757
39137
7949420
48365298
14428653
4945696
2588949
17549661
8425615
37272861
8800425
24996016
1539837
3325104
38198511
181674
1702449
4316214
14757254
17408031
11898948
73479273
16021251
22324449
8232965
9229038
4388236
240807
3119138
1037176
43886196
10242442
6596035
566344
1324269
18052468
1757324
5403054
33116459
2425281
9288903
7760507
13359611
24969063
318150
9390093
4242065
8320910
8499140
5593356
44552178
7421849
6255834
4806696
97757993
3404181
1114301
29476754
22917552
436240
32559411
2850229
5648208
28798896
2328659
2234447
722904
41919822
1324269
13379672
3955017
30497538
7145775
6170609
7311895
6519658
53653874
8936514
1682163
9183533
3325630
2526214
3812529
18035661
13626291
9145799
738228
15578676
15608765
1284075
997209
6947599
949761
43544259
78292
417837
18725325
4294488
10558604
42545781
57667185
2526214
29191967
8134191
12260773
1044260
34746055
3200648
12381012
157706
22327728
15565756
1238646
108623138
27448
576536
28354028
26969905
19158454
7088475
17073426
12533453
29609803
2916474
46470578
5526402
21185304
2829921
2560094
1629144
608612
6552481
4161652
9792
21963152
5921886
3532153
13238211
42953604
80002104
19932608
2265625
6625254
22545160
32848024
10169703
42346332
5722684
12999994
24347242
2956444
44171451
6255834
7057537
2198514
138105
46007970
1114975
25208720
3079043
8310498
21667153
37940052
7286410
3045618
6469242
14484477
1682000
2143639
65540598
6524580
15272211
219865
4474878
247597
24994578
1710297
26720736
7525294
101777
27894571
17548596
790416
8578031
1195218
1473849
8771523
9933301
6589528
11949815
3368255
28590260
10124751
790416
45203160
1344708
66407
20826760
118819239
2198514
358981
21020680
173990843
1915339
14646527
309939
7078448
14310644
2198514
29794387
6716048
41404539
13774461
77974728
689385
42064356
2661166
83353872
3000041
5989512
9050085
10438743
55089144
305326
8320910
28094931
20736266
3079043
27926104
10883180
1169640
6914076
38755832
22545160
9407809
898025
1264635
11089344
83353872
50195264
2397154
1098072
3748113
3625584
3079043
26828187
9632184
13382404
6914076
19537431
31292733
817203
16364755
26568576
2143639
17402718
3977486
19751182
12468267
5446080
24760344
40024611
371616
949761
16557517
20836000
16742692
3325630
17408031
31011854
42567687
1284075
10558604
930924
22741000
2263683
21750912
24363784
9585850
30786371
5097
77925729
6195564
4704650
705237
34953489
28268339
5341278
20624785
3152787
9798022
2657115
48608111
13125994
2779088
6102581
676852
29330863
5218470
4706126
53278489
977904
10035508
9632053
15090897
36152847
1283211
4389965
45925659
2588949
159690
879236
1349150
5058713
14450586
5089200
3647177
165741
24573088
7804719
12321687
1063494
4316214
11412340
3152787
2328659
8059207
4784183
4880313
8397285
20090136
8232965
1629144
19755592
4931590
9051523
1657980
20836000
13721865
54025626
16685955
21342528
1252152
7475247
115473
25400856
43190721
4528944
3047542
16021251
279867
46089706
27556279
16106984
9499185
10289409
5991420
67916218
110195118
738228
43955973
7026297
3119138
61981858
49861111
479570
403928
9337991
12021730
19529197
21185304
104062563
949761
2685549
120366818
12260773
37574907
350007
65111891
29307592
24266994
222066
55211736
29794387
120309226
4912746
2762282
6914076
19755592
1856649
7473702
30916950
1609893
9731371
639736
11214994
3325630
285616
1029274
22874749
5427597
11688642
4316214
4100655
885996
11214994
6414039
99505283
217362
66030420
31515948
4980072
2884981
40648923
15514752
2174780
27182414
211215
15578676
20836000
305326
507284
24649730
597776
82290298
1407301
29307592
9051523
17729196
6126447
12341502
3454913
17549661
63882
7974031
8668666
78454298
31778355
1997482
21750912
39378024
55658600
2889195
12749492
777268
23138571
43087053
7283686
9632273
299089
2328659
536068
15156725
24008364
10101682
6688968
4278081
1344708
2084559
16646565
1705362
6407790
12021730
13370
27655166
3594127
13832710
89557397
124434
256776
29067569
5630331
3702211
8406898
7818431
19232872
5047574
250761
199681
6625191
71788618
73326216
2736680
59386197
14174931
10624458
8667789
71036949
4107356
57726
14430396
25885259
46619937
6914076
27119146
11670197
1827277
72711384
12999994
10558604
423296
17728009
641908
6394892
3281992
20290448
10394681
14633271
2084559
10346546
2234450
507284
31611250
446313
27756252
552099
16062800
18035661
15272211
4317718
25858376
3874843
74199909
4740348
8320910
16608396
70119
22606839
16046030
11089344
24363784
21394080
722904
1344137
5157900
904016
247597
44896086
19560216
5325638
16473021
900030
9145799
1676159
12292425
6126612
41001215
14846961
28094931
11500676
12858363
33921531
9632273
5375031
13238211
12343761
2256777
686040
722904
4689402
27196906
202666
1887325
14024136
9517035
918935
63313588
4368287
10035508
20955566
17496
2291184
2736965
169521
16410423
79033603
7001696
1774395
17050406
316882
5648208
20090136
2774255
2198508
7134033
11903661
661753
5723190
2360279
12125400
13382404
12352891
3397056
43886196
2173339
6467409
10438743
36326466
2691025
8271487
16396658
4255944
1757324
7877142
27596930
2889861
1856649
13176685
4806696
20090136
8414358
9108651
22473656
1998727
15254294
8499140
14310711
12374946
14723571
8771542
41431159
751668
3454254
1854612
82734792
13512065
17584989
6773845
90803895
7627152
81648185
23339408
30251725
10438743
2961541
3083919
13125130
1608082
12625542
3671316
5341016
2916474
37018998
37687382
17371440
1970604
4247631
3866192
20290448
149808
977904
12728523
436240
2395197
17729196
9932775
6552481
10665893
31755295
31777626
7235098
18533136
7627152
21185304
7804719
12518232
4316214
7501298
75417
62423248
99187
32520846
2291184
9731371
182793
8578312
6469242
255632
99182475
722904
1539837
23339284
5403054
41598927
2710371
2182125
30040207
232016
12355737
37906432
8944611
27907719
860056
8053096
7001696
1509178
77641376
6751467
74245956
36481848
11214994
4721914
4103484
23082573
5648208
2486349
6195564
3780185
9600228
2588949
31548328
16021251
10786826
8736294
5456868
15707856
2055494
43468137
4255944
46622485
22286766
50643834
18035661
4912746
2340592
4912746
18035661
19755472
1761922
8541184
2054968
860056
15873191
2055494
72117
2773099
101777
7228183
4061068
2084559
4910544
11431103
27400464
34360382
2425639
16780401
7893291
9932114
87281250
9098771
4450512
576536
4091202
2458804
997209
6469242
19755592
18629292
124432
164603366
3340851
5529366
17249976
18035661
33380
766398
2173339
15842251
10242442
844884
5845434
48752066
4574922
14585391
26637189
43995465
1794839
19232851
11756376
966315
74806828
6126612
4316214
2146956
995137
354898
1034190
12969978
23909166
3771405
5574876
14723571
6124463
2234246
7627152
3454913
46594980
4337746
9433747
9335472
13906445
12999994
33653149
13980820
24092112
13512065
35516244
37395441
2040071
3119138
289297
4568688
18346876
194388
2191752
263423
162721968
29789977
5845434
442533
1748324
68207
13906445
74806828
23744329
5270244
936792
72283608
9750270
19405311
43886196
10558604
8079689
40324586
5109258
31778355
12021730
15578676
831630
10346383
2526214
17891556
2379252
98799
3671316
1808894
15872616
27131081
10203305
19932608
350007
39102507
4210599
41249178
66816288
2425639
55144532
10883180
8906888
6625254
31292733
510317
14310711
2176474
4320486
9112419
41564556
57592
11618406
51519777
10849301
5115023
3671316
3325630
22204932
3152787
30035572
3032997
72062532
14378877
34457727
17067210
777268
9214224
17891556
95862
2021784
19755592
9513148
11319667
2736810
5788488
32383204
32235723
5845434
1998359
3454913
38256240
23518848
9731371
27596806
16706658
36152847
4528944
68348028
26520424
3000041
13745569
2773099
3185834
16661718
4682244
6406522
7919812
1264635
2458804
1349822
547326
2021784
12260773
10217058
1998359
33923041
8618502
380849
2883471
17513988
13512065
7314424
20290448
1151613
5218470
34109574
41696433
13382404
19341429
2986344
291417
33939060
7836910
1589889
26720691
22617252
546016
25400856
48762569
1416508
17200680
12108476
35304003
6047610
6688968
5229531
36429753
105455977
181674
48365298
273630
29065040
6747795
21206086
66507418
2961541
442533
43190721
28354028
47288097
11078952
8811042
10759791
665032
2114256
58924
4073417
3535950
30008730
83353872
1361223
77341806
28094931
1695384
5157900
13684159
4316214
9965953
73081253
19226176
26057796
83352807
21294969
237117
6215088
125635752
6914076
26969905
177561
28107039
15578676
34746317
18375966
2021522
57291574
2747398
13505904
1115676
1657999
7314424
14174931
47583156
29689391
155856
11225122
842604
2106158
6851888
248194
735462
17268502
42452777
20290448
3866192
68317134
20632344
37932867
3430218
30756043
22917552
4638636
20504400
5511870
2518201
41880811
27196906
40024611
1892312
6034577
40648923
81693780
7419220
5593356
4413354
26720736
7877142
6386751
1657999
131370401
4980072
6344643
36539428
54025626
44307784
9632273
6336432
14764933
31995150
36152847
13850673
842604
14845896
3914306
1517337
11947084
1063494
13238205
50370558
19119439
12021730
107809674
99187
1242717
1184562
775605
25127226
33653145
22064148
5587245
8861140
2189295
2173339
777268
9051523
3914306
6849128
8152548
16321821
18219846
5970988
62826198
7475247
653397
62767
777268
6688968
6099885
5656158
23949472
8603968
7969621
6407790
1937649
10377856
48762569
17095518
7001696
18533136
576536
21963152
1129777
1714394
232020
5593356
40022082
8113728
2961512
2198514
2732096
7001696
3277230
18849898
38529
21552323
2360404
790416
1129779
2672295
56625637
24133656
3303538
597776
309939
66044408
54391146
4161126
40063587
21581864
3853062
22288288
427924
21262188
40648923
15007725
6407758
20632341
14585391
3152622
28630111
5529366
59766415
36597573
169521
5529366
74952351
3200581
11151638
194388
512994
3079043
936792
8864089
7078448
3436433
6849128
52301170
134449444
14236589
1609847
25400856
4212659
1982683
5087104
507284
82797582
2291184
173734
6174337
3032997
35921167
831632
31342286
6195564
44212
1298712
14978646
16780069
33355887
11234939
609005
1757324
30536675
17185965
43338111
32248237
3587793
27932227
7577213
7714913
37213767
27512472
45020121
26298881
3916995
273630
1629144
1264635
26196300
6469242
3587793
5390784
8864089
18890031
95738621
194388
2084559
5835602
66779334
76774761
1491234
2100623
6058227
80647434
7235098
5722970
394086
248441
1151613
3152787
7012929
1445433
738224
900625
19405307
70257972
42872626
16187430
24091345
417837
2698182
9489894
4528944
1159761
8489565
10558604
1560824
16491492
14218832
8232965
77925729
1757324
14310711
18493999
69067179
9229038
45856017
33145900
4806696
62727011
12021279
24939305
507284
1887891
4806170
2021784
5845434
16152771
60955991
3890360
19558935
9109110
3152787
6670488
370145
14430468
36142455
4638636
25999159
38582682
2198514
8397285
9933301
3866192
5845434
1637821
1300257
8771542
68223916
28094931
3914306
366033
13522778
2377134
7081815
50122223
5065785
7057746
22740641
26050293
1808894
2951744
43713798
10992457
1757324
10438743
1471025
8944611
2021784
14049326
31302025
24217892
1386396
42210432
24996016
22154271
6845051
6047610
4095972
18648369
943265
6673269
7627148
6170673
46238913
7876691
975268
3633091
26512117
3152787
44127048
2403013
21216519
23545486
13238211
6981803
38198511
67349841
1386396
19755592
17445999
6195564
8816442
20376831
14578266
66407
1657978
7804719
10706389
1496826
8232965
949761
22737550
874312
14585391
350007
88285803
9853834
54150555
23521355
63761228
37018998
11522812
127974990
2679735
15434105
9818991
1517075
1225935
4161652
33063954
188093076
2588949
12625697
3079043
30948963
97553688
56062369
4638636
494748
2694549
18975208
1856649
29487171
19559857
33653149
14473644
3887454
5819825
2143639
6054722
53241743
1450530
17249976
38882904
25858098
8667789
3102904
9765204
26298881
10992457
7113587
79958865
305326
4863851
1098072
7804719
12749492
903904
2588949
20983934
2198514
75789798
7877142
13626291
6407790
8499140
2654632
16524649
997209
40962879
4621832
155
315589
34168266
14565414
798597
5263803
751048
305326
156765
11049732
121871156
104059542
4574922
3549168
83864571
85007255
40549736
9299232
1450530
15272211
956517
11856845
1424781
608612
436956
18937366
1026267
32064652
427924
19753201
3063580
2458804
29392529
7001696
5538318
8134191
817544
62826198
13626280
13382404
19873308
7556120
69760014
3955017
41598927
14306883
7974031
6513292
19040736
27335669
479570
3176786
222066
9824017
10558604
34746317
2485779
1808894
15636555
16473021
8495861
3586534
12373944
4693812
60673898
23745320
11327492
9337991
5456868
23138600
1910037
12625697
32380
31778336
3079043
21185304
40024611
31036686
751048
918980
11214847
50919575
33923041
4212659
12378458
3827592
860056
14585306
5401867
1098070
6854249
23316994
19404952
11736261
4413354
26364050
1184562
1344708
103451546
97623393
8232965
4132389
23137609
20282840
16779594
2486349
4018731
68348016
90263250
6849128
69788028
8059207
1181723
2108514
11751266
1241208
9087403
15804012
1324269
47293128
54802695
3795315
3535950
6469242
16919368
8021750
4316214
9449954
56062369
42257979
61503798
4316213
56879464
62423248
17091091
34470169
33355887
11775393
16473021
49125773
36041094
12858363
8346229
903904
7235098
68426381
68802171
1077291
947574
2328659
5744707
831632
22327728
23518848
35839485
8467860
44558190
5921886
164006148
14884194
4003300
299089
47752597
597776
1808894
131669310
7114711
13774461
1300257
8667624
19405311
27655498
2795280
12260773
30370934
1601585
13238211
2559816
127308538
9229038
10184773
1324269
8207723
12381012
61503798
1169640
10759791
318150
57217452
66282
8944611
32828320
3811269
13774461
143916
3078958
10438743
6177271
18837199
7608
8320910
58924548
13984
9145799
5921885
2001516
7627152
27151872
10946925
2736921
27194377
10124751
33923041
7142754
1539837
31660705
2952877
28455595
1169640
584748
22606118
19932608
24881713
25400856
34846223
10346546
26689842
4299490
41919822
453250
4011960
18533136
6348855
777268
8150680
1699150
9145799
4333061
3587793
2055494
37139630
10035508
108696
45903281
1077291
12885885
22728570
8232936
1184562
44187993
9731371
28354028
1970449
10438743
4257168
20836000
23725860
713060
2458804
1013526
291417
44895997
28079499
124155640
3811269
903904
3535950
617004
23745320
2773099
11881205
442533
12260773
45925659
6552481
4413354
197762418
2960550
1262871
37899813
2150805
1586277
1129779
42567687
4980072
6280356
9933301
2651413
2736965
41919822
26520424
1705430
294275
31372855
4741674
5788488
2588837
79765332
22469714
1888204
16926352
4805415
107133
25034246
1682163
2588949
6914076
4310695
701561
5238360
29525022
15985387
2387349
30261156
5495331
2842885
82140669
9587402
965204
3119138
3000041
19641836
7235098
959527
8394336
1856649
1970604
24760344
14443202
36905472
117404485
15146646
25845631
87077
11089344
29794387
78501969
68348028
21020680
1736937
3200648
4255944
14583354
35839126
2340226
43511321
5038416
46341936
21185304
29525022
1808894
3388506
3811269
9933057
16321821
12802759
2375207
4528944
916031
5915670
9827778
90808305
6255834
4255917
6180865
4980072
524076
4583649
2486349
15872616
7556120
974052
65123378
2055494
48018393
7076268
19209810
1065800
56978697
10757958
9818991
132002010
30332963
19755472
28590260
39715326
650880
945195
4863648
29120239
11884318
24133656
23745320
1056168
22643922
6255834
46622485
14174931
1324269
22545160
8220523
16008593
37575477
6773845
13512065
6047610
48218013
393150
32064652
7983790
4912746
19024793
523554
5845434
2736954
39137
9371508
7242629
4413354
19645713
31012845
19405311
33653149
3200648
387714
6914076
24996016
15004581
8968499
8232965
50892347
29794387
29307592
30248568
23138600
6126612
19040736
8499140
28094931
10979275
102079131
60339849
10989578
46622485
26851994
13050303
6024036
1682163
18047697
27727997
17408031
6914076
82197591
10052281
39378024
5456868
17729196
31548328
