38467773
3070946
15022920
4609890
4638636
22876440
8499140
4531503
2590487
38518945
3866192
118943607
41279508
4328317
2694549
337988
4714959
149808
2629724
5403054
58122644
12603483
84782
8134191
1151613
10035508
5788488
55868584
950135
1407330
90835941
759600
43398801
17729196
4806696
28094931
4316214
20632344
96611242
11749194
7475247
10472958
1151613
650880
3370131
10548576
7164698
1539837
11209655
12858363
1151613
3240331
47682343
1808862
3382241
2557607
53278489
7008376
40598298
9565866
42210432
7475247
7972220
61098430
28375998
9337991
4800000
46972863
4583451
2333562
30892386
5085252
5723190
18349651
6899970
13848941
9337991
177561
920423
3809085
9565866
21185304
12091338
52841250
7974031
59015715
566344
64666808
9337991
16611664
111132
55658315
1586277
4161652
4613800
536068
9933301
1682163
2665079
3325630
8232965
14310711
70803988
14991399
524076
20090136
2524732
101290
1386396
2173339
1070504
62423248
9818991
146289476
10677022
29483349
690609
9818991
2775950
2481971
3245558
2425639
56541357
21399103
8671083
3465185
28590260
31548328
591567
12749492
3454913
17405896
14310711
95862
184584
3200648
1900735
3530806
5403054
2642574
14174931
7475247
22587924
1324269
31012845
8397285
5648208
12482826
3725117
1757292
11327617
14352741
4516788
23681008
3571652
12320637
27897189
5593356
5689301
11426310
4390494
5088938
48762569
22307319
17405082
6326640
6396984
6773845
16104459
7313530
33144936
12021730
8320910
22199559
15678100
7383051
32548239
57291574
10759791
4474876
115944532
9622026
45925659
18179376
27954729
1184397
110195118
6688968
5593356
12975158
2010509
1169091
6773845
5648208
39325958
1113409
19323087
642654
7804719
15104843
7145775
6849128
13512065
5788488
20632344
36152847
31778355
2031273
15004581
44558190
2720313
25796746
10759791
28389564
24363784
41984745
27196906
6914073
11903661
1397025
3241612
12339316
51701451
516607
237117
4212659
3725128
39531827
16608396
83615531
29843319
545796
24133200
51349955
19202595
10558604
47293128
62697734
10242442
37762271
4003300
2016687
3765399
552764
18889769
11589052
2526214
18650730
49088123
10728465
722841
1558674
4161652
23591550
9818988
401181
30536675
54855527
2084559
24949044
7475247
417837
10242442
15630300
18460308
403928
93273726
19538230
6773845
19232872
7383051
14843940
67916218
19755592
801012
4290549
34300376
4912746
8394400
417837
56879464
2678268
8499140
13906445
1402515
16779214
24963636
2143526
73785380
2328659
1046790
6040507
7556120
64172598
27886154
12487923
1757324
346117
5648208
6098598
949761
44862165
8864089
11903661
3615149
900133
133836
123592780
17194691
738228
5218426
12639012
83103483
43468450
5723190
83852829
8680597
75789798
2084559
81693780
30227480
100473053
14255838
14226410
181015
20793123
2173339
6914076
1151613
3200648
40304394
12749492
16770867
2620612
5529366
11327617
4413354
694511
340572
2694192
12858363
35839485
4638636
6112407
317836
8864089
39102507
42567687
3032997
8942474
997209
26400457
91554102
102079131
78941688
5717761
37009030
11886165
3647828
18402244
8059207
1702324
15707901
16321821
16935741
17193128
45580428
1857410
41919822
28764536
479570
6773845
22155816
2291184
35421579
139146885
3123131
1970604
15066244
5983682
4316769
27196906
1335570
2961541
5593356
546016
2381057
13512065
3854822
488663
10665893
31288323
8667504
3239046
7556120
41553294
62319691
13836914
1702449
4101939
4211027
630274
33456331
34470168
24777242
23949472
5333868
110376217
8397285
30040207
27886154
8232880
14723571
52832
41507120
21394080
14083124
55658600
4538892
54855527
4173899
53306142
19232872
7145775
97648893
378601
3032997
1248733
1757324
5270244
3976364
24363784
4212659
5341278
66509041
6125805
1151441
3032997
53278489
6686718
4638636
6625254
4638636
3349053
8771542
6336432
2892289
5177469
31309620
4103484
2351727
842247
3404181
1970604
17095518
92486275
43808180
52223094
16780401
617004
32064652
3444654
15856017
11165433
44187993
11282369
10558604
7556120
22660680
40306
21382599
34398409
98204283
6336432
2847295
5593356
19232872
2055494
3914306
19405311
21429276
35584451
35399372
37571637
12487209
3725119
12999994
7877139
686011
9632273
3914306
36473979
8422865
35584451
5037663
4574922
12858363
12018913
453249
6914076
49967835
9815970
2697690
1856649
39378024
2884981
2588949
247597
78292
49963323
50541524
3979584
13382404
8944611
3811269
1574832
5788488
2395572
14447414
35498716
1046761
3276735
732387
13774403
55217952
3325630
247597
11670197
4987168
37900507
73284577
177406
2805653
225687
28030944
997209
46834051
6407790
37900620
2108514
16608396
1206869
291124
827676
997209
2736965
860056
18366040
53760
3811104
12268439
1281940
95119143
19054628
10341911
9308589
10035508
61101214
7235098
2224382
2703307
16780401
3983097
21394080
36439740
27655498
6336432
12487923
96069
5921801
56062340
10232650
6548446
3771405
5723190
7974031
27655498
488663
21020680
25845824
1345057
1558674
5723190
1523766
58827972
8134191
55894488
7931530
566344
8864089
23687526
1915339
3079042
1609893
7683707
13320756
13885889
2328659
11813430
37850769
5702358
6255834
21962890
20882435
13498857
129445989
62407014
31012845
231699
13704954
23940472
1586277
79448850
85037906
20290448
16021251
7255792
91402585
15004581
91807
1063494
849008
6126612
2294742
15268704
17408031
6562724
19718170
9337945
19858486
7001696
1678713
7142754
90808305
26512474
17249967
3771405
4859283
21235167
37575477
15707901
20632224
5723190
11555537
2609168
203325
1970604
3152787
2884696
12021730
190161
15991296
5038470
709278
2729036
18235671
39715326
1361024
1702428
329553
4823284
2301729
20290448
3931560
1878797
41249088
27979848
34995384
31778355
949761
4061068
38800044
26896383
216789273
722904
2521274
9145767
9229038
3079043
3866192
278083
1804484
10669408
11574090
15707901
7726434
16630546
10438743
126472699
50976744
76352848
143916
11214994
16469025
8864089
10386324
14790858
5538955
76874258
18219846
4574922
23339408
57463276
520128
11778351
40682040
17891556
5722905
12888465
1900847
1129779
269507
2108514
23149471
23745320
45580428
16152771
40239028
14310711
12701160
11372247
23284356
9632273
1998359
534399
67344801
21349824
5788488
14381499
40648923
59103545
7001677
3914306
2773099
24363784
37310310
11517777
6667454
5044943
64238884
5723190
2108514
26594
50505195
4638636
36979861
1977276
36138717
2291184
14174931
25208701
7442568
46238913
383430
650880
2198514
8741758
220
45204705
182871
475156
4863918
38799959
1913155
19227552
20090136
1539837
2526214
1013526
67065138
24507158
47497934
3200648
358981
3129927
16214688
8771542
19342854
1241208
7877142
650880
27884321
19735704
6625254
2648167
1888204
4852615
2151504
6773845
7235098
6771368
3449859
18006509
25299265
4316214
6914076
9731282
16234
6126612
6174990
6126612
2931141
12128396
10992457
3545349
4574922
16442334
5044557
12381012
45204705
2021752
7721129
13231995
18035661
5788488
7670986
380849
15409155
2759564
101777
5456868
64619836
31258231
31292733
676926
91454202
608612
6849096
2847295
21393089
9435257
1808894
13512065
5270244
194388
683022
12487923
52118786
5475593
25208720
12368068
5593356
2654136
7078448
11772054
71788618
24996016
101777
4305255
299089
12994153
14430486
5403054
45396700
30324609
18121115
1499982
4368124
12381012
13033977
19733356
17003919
4230933
22518934
7305415
62767
36680253
2665079
25720103
54457553
665032
53581292
15434085
14310140
9051523
4638636
47410188
388409
3200648
67438675
12610057
27886154
87077
3914306
19706317
48799125
7475247
5633689
8232965
26482990
842604
39711046
3770137
294031
27886154
9731371
60027813
27655487
20329369
860056
461762
4190859
10346546
1008024
14905635
2265494
11121833
722904
3198647
45925644
11541549
73789208
7461259
3829854
26199694
35595182
55658600
286895
350007
1407330
21020680
1986515
1169640
19460
6625235
83638686
26720736
299089
2328659
2736537
127624424
1300257
30261156
5456868
89670357
13778169
50142691
5038470
15872616
172398
13774461
5089200
6947856
217362
7496239
56720911
4011964
4912746
43884928
52957127
9225181
817700
3541008
6940518
1955790
3454913
7876977
26720736
63355851
29794387
403928
5896944
13390826
4115830
80061660
26298881
1657999
9075713
294148
16779973
10035508
4413354
977859
19560216
19040736
15146483
34470169
3813052
1407330
18384947
48040265
4960612
5212652
4863918
27655498
28094931
10183255
5648208
8320910
3880553
4574922
7001696
39104394
1731979
17408031
46041084
5844864
358981
2458804
263396
20836000
11903210
4770116
12381012
7721129
1200489
842604
8320910
1443215
11696655
932265
1300562
29307592
22917552
20290448
5529153
8616561
18889999
7804719
12487923
4368287
108188586
1151613
29821167
2431348
6255834
22917552
59020140
491120
70502138
26293784
5593356
2916474
17630009
27803514
2916474
273716
751545
202927315
2143639
18384964
124923073
14174931
4083
6336432
41776948
10558604
6255834
13382404
9957050
25454460
24989905
33435787
1778049
2629716
1487090
12162199
38198511
5921022
106074945
442533
495600
801132
7233390
479570
4528944
50784425
39715326
59813387
23057895
24871773
15707901
2694549
10536946
147166328
55714517
5723190
12355821
14764933
7475247
11903462
2265494
11772054
30784260
7532001
23545486
4806696
2328659
1169640
1558674
21020680
21658
8199972
20998302
37018998
16410952
5883924
10492808
3535236
17269290
2629724
14723571
1888204
1453759
1490391
8771542
3032997
4850769
5089200
5529366
846906
816489
17891556
76443946
2486349
1856649
1052152
18384966
35304003
12019371
812841
8232965
15279372
2847295
10558604
2354969
11426310
4315027
2143639
7009170
26576058
14024136
15173212
23339408
35584451
11421597
26614386
6407790
3866192
6407790
18720401
11838548
16608396
15004581
72523490
46874361
5109510
1264635
3544383
2605962
41598927
7638425
453250
8214539
27655498
3914306
1461048
3720131
20178
47682343
41580105
3454869
7877142
437610
1184562
22795559
73262200
18384966
2391429
18676788
5341165
18676611
431376
32197662
436240
12749492
15055846
5089200
2234459
3346962
5648208
743340
10240941
8939852
18290819
25842430
65540598
53232129
3093895
3852908
5403054
12125400
2882043
7053342
5528789
5089200
5089200
69507
228650
4638636
630800
9234335
42125650
16152771
10665893
1344708
95862
59386856
1778049
4061068
1759951
98074893
12999994
1778737
17212932
72739398
7383051
2387349
105454350
1206927
40399888
18285539
2560094
2277197
30181213
17549661
3335675
1953108
17249976
5038470
57431710
8771542
15722198
3811104
71381820
6601252
82197591
74011423
5403054
31292733
256872
7314855
4671363
860056
9772019
19560216
17729196
3598214
24760344
7877142
134449444
1970604
26452375
55324141
3173838
1386396
41001581
14430486
9145799
40024611
847946
2055494
3633091
297381
50980572
36380675
53258864
676852
411279
7641978
67916218
57918630
15146646
33921156
14548392
21749488
4371080
82742523
21581864
9817446
96678113
3273474
2328659
8083041
24443115
3771405
2143639
3325630
46870625
13382404
91715301
4474878
86745104
13238211
30852996
24573088
35584451
90799101
16743867
16152771
77352197
21750912
3535950
4161652
7534128
2665079
181395
83608073
5402929
1311827
101017506
9337991
25640384
1682163
4912746
7235098
308732
7195961
13382404
4835904
180327
1240298
44558105
7617948
3241612
53668369
4584617
24135960
6469242
6849128
1407330
2961541
16935741
658344
11753489
5845434
17987826
7145730
33763002
4629972
3454913
52118786
4528944
5624003
1970604
4011964
13512065
420078
6475451
13262017
2485808
4255944
25972696
1757305
1424781
46238748
11682077
127375301
1861238
2989107
8134191
5673362
34486303
2387349
2665079
2291184
402660
2031204
32850694
11772054
3771242
32324281
1027415
29024031
1115676
13497573
5456868
21929577
15030178
3732356
162077
25640384
12971508
1979555
11327617
2969774
582136
12705280
2736285
2935702
19560216
14846961
1098072
9273937
58228020
11214468
2012652
26298881
20632343
36990729
31526670
39378024
87911588
99755910
18890031
70315818
10025080
1598301
240807
6042668
6336432
20562448
11367333
15434106
5529366
12871377
11088279
12260773
23487710
4638511
8588788
12602176
63417809
31182291
2588949
37900576
9195652
22155816
1184562
1405195
23138600
44557664
3454913
38521715
5648208
26594346
6306013
350007
53278489
14723293
5237066
55658600
7900975
650880
8232965
8232965
7491230
9942424
4940069
6268904
71799
8944611
11555537
10438743
17728389
277948
2084559
10883180
20470448
27196906
41076780
256872
10759791
27736110
14529183
18200017
4693812
5648208
10124751
7708687
1052469
22275914
160644
1344662
32539120
41598927
19232872
52852737
1657999
291417
17972501
99982417
10898009
4368279
11903661
23924512
24363784
29306548
54542057
1324269
87077
18219846
76679870
4132314
72759234
3404181
1637151
3633091
4061068
22820450
31534340
35373526
32839280
1539837
79170231
71739331
13988
1787310
31901899
3152787
40024611
2588949
15872616
23602696
12776497
31292733
21884860
21185304
113783450
13160610
10956001
79522125
10558604
51505971
8942660
14585391
1888204
13512065
722903
761088
8397285
4806696
11400438
1778218
12617556
4251396
16037302
8497872
1558674
25400856
22627011
842604
41598927
1264635
4161652
30995483
31548328
7475247
36152847
21963133
1169640
31606329
2328659
4574922
4693812
49861110
3633091
10115773
7627152
1808894
32850698
1629748
5921886
106073753
3014613
20006448
7875728
12657016
17549661
3702300
8667789
6336432
1063494
620825
16321821
40783812
5412976
29035189
20090136
10346546
26298881
14723544
1407330
54726825
23745320
7005891
8497432
11089344
1731979
22672793
31292733
5607171
60673898
7932919
1896885
30805589
1147742
124434
70578353
9528
82197591
5722991
9520056
4741674
949761
145351053
3609825
6552481
6402315
30408971
27400464
4255944
21363270
6407790
9965234
31900937
32850698
770190
16780401
39089563
46423707
30683292
66236633
42893460
608612
22713858
2106353
16780401
45925659
17981451
1489452
1657999
28590260
16648659
5845434
10438743
12999994
7413213
83353868
10481893
53358335
14323898
4011964
817700
94141239
12260773
30665853
4980072
2524030
82047783
1910704
10346535
2352454
4474878
5529366
29338
38800044
5631383
120387
461762
19042711
23879433
885996
1490391
36439719
9051523
17407985
11546873
26969876
5385202
78884766
650880
12021730
8059207
3269520
8864089
1329958
23160723
149808
5845434
0
3866430
3769895
9483410
5160769
5845434
2458804
22915368
25601504
5788488
46972863
5647930
9466532
13125994
124434
12487902
7721129
5475186
35839485
154040862
20503421
41760523
2360404
16321821
232011
10345684
483598
44212
1129779
14585192
16364755
722904
16150636
1657999
15234880
388409
386886
868215
1945881
2084559
34168266
15172227
930924
9145799
17533119
169521
2108514
511894
7877142
1051653
9520056
45236089
817700
4224583
82797581
2458804
4638437
10586680
1982896
57177990
566344
84883569
291417
2268643
12163071
82797582
12536262
559008
1098072
19560216
6047610
3118113
488663
23205907
12381012
15872417
9302543
10438742
5341278
1609534
38505736
105976751
57909285
54832557
17383004
17891556
58274453
3587793
5493917
4161652
4316059
9051398
24573088
27002680
20097772
11772054
903904
77925729
7804719
4899696
14127575
16321815
38664849
11937954
5723189
4528944
7556120
9645454
17408031
14846961
22571479
2972046
4920066
21439107
20047596
3088810
4860468
19869897
13906445
2425639
5456868
1222539
4528944
19755592
2749077
68284146
104784460
7721129
124434
2526214
6247875
10346546
23689293
12465462
155094042
84055122
55601286
81085168
11555537
7235079
2111437
8864089
8320910
2189742
32824617
427924
6255834
49125773
21394080
43553259
13966860
8940615
3837455
3600054
57271396
26596580
13665135
26164396
22072600
4474878
19560216
5038470
5033466
1206927
16321821
10430793
7260138
9216767
45527418
30458205
225687
1361223
15153007
8771542
64666808
5689265
80061660
4357537
89031579
18023919
28158546
10613061
3909671
48040265
4510480
487471
3723941
62423248
49861111
13229007
7433207
6407790
7475247
1856649
95510019
6697979
8320910
8433548
4198766
2447052
32638966
3079043
23445447
17882256
516607
2884981
22545160
15872616
82534
2458804
14846961
41943582
4912746
144679433
244353
90671522
8396715
12118692
7057773
965204
3003152
43190721
1439089
9933300
18533136
40360173
61106527
6608104
9632273
2196158
12021730
30728779
12487923
4156939
2942523
4574922
167398
5336868
269507
10118535
38800044
187350549
3152787
889402
2652924
5405247
60165229
55432913
6688968
10228639
495600
75318377
16780401
4741674
59048987
4693812
1562936
49266
22744310
8131170
10346546
19040736
27655498
6857780
442219
43247160
20470448
11089344
479570
5902435
10992457
831632
26448571
43936781
21075930
8864089
11827342
9938218
507284
51185927
28590260
21393993
9933301
4919695
82957067
20632344
47582493
49762732
5130849
14841320
6336421
1243253
43459112
17891556
7001696
7721129
1806077
1558674
3972827
17489442
5921886
42748986
82411851
5949051
40383450
133836
22092478
12895140
29067569
1629144
41919822
57186976
29991013
52033809
11360421
2954845
14846961
5669708
6336432
25715668
22837542
4980072
2021784
10035508
123329151
10242442
6255714
21750912
488663
7066861
4472664
738163
28090218
10558604
43553259
10740270
2982829
1386396
16935741
34103403
13018582
10992617
26435547
1169640
949761
2948579
4912746
16724374
8664768
9731371
5143408
453250
14956610
8588788
1782016
1808894
38800044
3454913
6011139
47056509
2142652
350004
14585391
22774710
7695732
24739788
4638636
6552481
2803941
2021784
3445121
34470169
27886154
5529366
11456350
3811269
3535883
13307413
4212659
7877142
8588788
2328659
5932758
2553241
2291184
303270
1192275
49861111
222283135
32088227
60470573
16780401
165741
30039163
9336947
18219846
4574922
1386396
9170049
21394080
35902980
194388
2884981
26242854
5653524
3418121
13238211
13236297
19093584
13526864
831632
113069825
66933168
930924
1787204
11903598
65540598
7974031
39176176
19560216
32226108
30302485
17249976
70803988
32862188
817700
5894460
11426310
4316214
67443988
5939115
16021251
1386396
252825
6336432
14193876
21116619
10157660
68544525
31292733
6336423
11426310
9818991
105787920
786420
5989512
10992457
17865272
27400464
14266499
3888879
37806482
2433383
1441424
15263825
18533136
11191138
350007
11089344
19232872
7383051
524076
39715326
477582
741464
13140083
19932606
31387655
1424781
3186756
699973
8217886
25208688
6771808
4693812
24133656
899529
19232872
19490737
2499289
1808894
20200941
20994458
5403054
51645469
1241208
2665079
27655496
2597344
2703307
4624978
26967514
1098072
19232872
3376621
4215573
12999509
2735420
10795885
64235514
36292455
14585391
31548328
10346546
12625697
6981803
18219846
2519903
17857364
3283085
4980072
6047610
33923041
9681870
5788488
38853948
5645076
56027
9337987
178537776
74354489
9565855
28069603
37900620
7471968
19932608
48382305
2426397
10173042
22155816
38169244
31864466
99535611
8588788
7250698
2108514
630800
1702449
2736965
14571538
108803077
16321821
154101
4161652
11095888
2624161
10883180
29466330
20822818
11088888
566344
45355479
17549661
6014865
10953289
35584451
6718176
33615923
4693812
120366818
1098072
28309016
16780401
3806820
5311345
32608035
13278819
17909095
95862
2847295
93273726
21185304
104536997
2318295
23949472
6336432
16265111
14475345
4243206
10242442
18035661
2087895
4801463
11526199
4980072
28270027
21394080
39746178
5644919
13126387
16423257
7804719
8588788
59305284
14196219
46972863
1874056
3244533
23465061
8635828
10346546
164563140
85080
12381012
12625697
15574680
4741674
79112875
1757324
4693812
2403132
15434106
15272211
7979939
997209
24363784
1386396
4312805
21740038
1490178
118404
4515531
1184556
4638636
43437786
7302992
7627152
2629724
49111281
801132
6236550
4212659
22327728
10992457
5038470
28164677
4814331
26856975
151875
883012
7314424
10992928
16321821
90263250
2405997
11214991
1358723
3288704
2432283
14430486
885996
738228
30221280
75419
2228934
11089344
1264635
24355192
13321211
11415918
6737315
14169090
11426310
3040111
20289586
28590260
5157900
16021251
32410173
9196894
1510266
2163293
6914076
10665893
34656504
14174931
46499856
30661338
7383051
2884981
4806696
7804719
27146065
269507
56879464
52560613
56736261
12625697
910316
27799844
11772054
16021251
703339
42209976
641908
9435257
9435257
16565726
2198514
8499140
31535384
10454034
91636216
56148127
237117
566344
12505902
58122976
831632
46004894
499323
61981858
2985930
1514535
5275738
11670197
58924548
19560216
241338
91807
49458045
15170255
3587793
2084559
14174931
885996
4016856
299089
9334163
9669618
3807819
121058214
14024136
36012146
19755592
16174276
33113930
4368074
15872616
7078448
411691
19785323
56432565
3587793
2560094
3966920
59538267
8677395
4726737
3671315
8864089
559906
2961541
13643067
4090398
13456434
8134191
3159869
39715326
19232872
10992457
48731687
42210426
197607
113477924
8667789
17725866
11903661
26050707
6516570
67443988
38800035
3079043
8320910
3633091
61819513
1264635
40406443
18219846
4368287
59936996
42893460
12858363
8864089
27886154
14024136
699526
33093599
10883180
38733584
997209
11568480
777268
14024136
15434106
20178
2399295
9337991
1293016
11214994
17664045
6137026
5529366
217197
23745320
19560216
30738039
6126612
3771405
18240916
7973876
29926589
17249976
149718
61981858
211841
751048
5989512
29484448
453250
61106527
16935741
2862660
29617986
4103484
10861146
21581864
16312338
172398
4161652
15144835
14174931
3671316
20248771
9136799
1798177
11772054
1657978
26541446
1856649
16473021
15578676
427924
43553259
19405311
15434106
223020
1913901
631389
5529366
1702449
6247176
2980581
13626291
21027452
20290448
31778355
30536675
6683330
3771405
9392622
4574922
15641019
23745319
34168266
3136245
2916474
27655413
10558604
10035508
2115221
7383726
3266443
44558190
57068441
1511030
9337991
50980572
9229038
2210255
20090136
138587765
38467773
80061660
23606520
11903661
25400856
11188400
896345
27853947
6047610
30099126
536068
20166014
1490391
15619314
17537466
17897868
240807
1424781
9435257
48365298
25640229
10888335
14585391
11265576
2198349
62423248
1386396
33568463
2526214
7235098
8667789
442533
4126052
119534308
7001696
686040
32850698
8824952
35304003
17050566
309939
26019194
41479577
14723571
20632344
309939
1808632
69347332
79858966
535371
9933301
29429490
41919822
48861767
70315818
5341278
39452972
4893286
256872
22497598
12260773
350007
1562137
4693812
18890031
5134443
23745320
8045890
6688968
299089
10822183
40984356
344883
1020843
40962879
15423032
73135755
2493834
16634865
52344942
38806733
18219846
66507418
8864089
641908
14173097
689439
9731371
177561
2866457
17548596
47033632
6354329
1478200
16779214
21020680
4638636
22741000
77352198
3052227
700964
33923041
140310
44835048
17258244
9426942
11214994
2892472
60673898
10346546
193107
12320742
1520207
6469242
403928
7797731
72117
26214618
32570491
1225935
32230428
74241006
8667789
33804637
9100562
12625697
53276098
2588949
21278607
2108514
19706317
4980072
25906288
2143639
1324269
8027879
2539662
8667744
1264635
61503798
5403054
1778049
17028232
11670197
17249976
19755591
23745320
19290432
18533136
19302671
13238211
4255944
3587793
42877
6469242
16021251
29780399
7721129
1682163
7804719
13626291
5338461
860056
13382404
15003300
12749492
2815192
26019594
2328659
19247655
76379857
6449779
10242913
14024136
72117
93273726
6469242
3535950
144548307
20487565
10587393
1452302
56879464
19232872
1586275
83864571
110625266
6551490
63454882
2434773
8134191
29067569
6910080
24995754
1888204
4208576
47225004
5921886
40024611
84614487
43190721
102282301
56928957
403928
8074075
2694926
3079043
14174931
3671316
29525022
20192073
24589405
25175169
5737311
24996016
27368232
27973179
4741674
16473021
10992457
6407625
7314424
11365413
10558604
2629724
110466
2605722
67236727
22545160
47281386
608612
641608
3032997
1500974
249179
28798654
12243277
4391517
4603036
576536
6849120
6316119
6336432
1119355
35300175
371616
51722958
19394976
2030198
8134191
4912746
1407330
5157900
3914306
4446081
18720486
977904
16608396
337988
8271487
48493502
36565495
16204953
780624
1074270
15146483
427924
23138600
22224216
6993303
1284075
2309977
2055494
15578676
17249976
16218990
1063494
23745320
8944611
12625697
20632344
546016
41919822
4806696
13109429
6914076
7001696
7475247
1088814
77925729
132775510
2670423
50232010
47150831
9519922
26298881
5344307
8938834
3404181
45174611
23934980
538640
1609893
40627140
5568520
5590544
436240
10909109
14786910
2803944
402937
31129966
3322813
8448748
27655498
6527429
16152771
3633091
11109160
160734
120366818
7145775
597776
9058765
17408031
47231969
12593085
2517550
1629144
3351469
2111394
6469242
5003442
9520056
4061068
2425282
5087535
11410250
48365135
1222107
45580428
25429661
49861092
40120361
1438
7001696
2665079
19448469
14174846
36698733
5704531
7002476
13862373
5089200
33116459
417833
43153975
3368299
34168266
5845434
11942160
30198438
35217843
1731979
5788488
3276735
56432565
5341278
237117
46761648
1151613
13774461
2436904
8436372
5641992
4083
90808305
29307592
8944611
5529366
13988
1129779
8320910
18890031
461762
12858363
8397285
54195756
965185
1497502
16321821
30040207
5088630
237117
13626291
24133656
14784792
4804659
12563607
13774461
25966048
12749490
7804719
10883180
7314424
358455
21576023
7162974
3498195
3983097
141558173
4788210
21946759
918980
3637252
16021251
2345912
10201268
111630735
3866192
26331753
38894583
5529366
21342493
4161652
47404
11089344
56757774
3866192
36388630
2233272
9226509
10438743
11681513
19932608
756402
41597489
21581856
1609893
671275
1970604
7972966
2108514
66347835
2486349
39420089
9569506
128747583
10124751
11062595
4963190
99786048
1757244
13880398
14492
1424496
237397
1112048
2234459
5989509
3955017
12380899
47972907
2234374
5825527
21020680
15561991
3887588
63313588
37310310
21394080
27579597
33653149
10434108
3813394
61981858
16611440
24363452
29307584
29067569
10665893
7478350
31580190
39130271
7235098
11846272
82580773
1324269
19391136
3032997
19932608
6334724
52852737
21482200
299089
700964
10665893
630800
7143978
21723943
34995384
176189
8073673
14585391
72229614
4306878
1681301
2773099
39096396
197607
145593
28673077
3283506
23339408
34168266
569934
7777790
12416323
1517337
3325630
4741674
12021730
3914306
1347259
16661712
14328519
6849128
7383051
18719442
7314424
3600679
8771542
8397258
103512
31548328
84147
1312647
722904
34470169
32850698
15006729
25208720
20470448
3587793
11487
1517337
10883180
12769659
4413354
1970604
21750912
39700063
2847295
3523006
30230262
4838427
106036974
24932304
13238211
240807
81100808
28802403
8667789
5093681
9731371
129675
55582248
429169
10241569
83968303
685994
24573086
13387631
107489789
20804062
28178754
4908663
3726805
21200807
25394640
7474440
809240
1961400
43886196
5593356
4613460
4759724
18720457
479999
15578225
6315186
10529266
9318579
56879464
14585391
13774461
1682163
11868286
23745320
1808894
10558604
6336432
47946118
54845785
5788488
2568727
14496336
1472535
7001696
264947817
2587938
507284
1293561
1845329
7987512
30536675
10665893
3531921
1263272
1022997
42210432
1682163
20290448
3241612
3554969
4665042
650880
127253227
4316214
1871741
23745320
25377996
52340532
3908960
16360799
13774459
238187
5671870
5845434
46622466
11555537
2694504
5089200
1854042
436240
15872616
18533136
1586277
27886154
1013526
96539221
5529366
26053656
41073209
51231243
11670197
82791741
6011657
84885265
1026504
2326622
7001696
39102507
17249976
132015998
20290448
32472702
82797582
24158141
10992457
37040803
25208720
25251048
4212659
3368299
3404181
3454913
16491736
39076531
7475247
3866192
19074437
974300
17068105
8905486
22037412
7721129
26053656
2961541
23138600
37018998
358981
37993081
2226615
9933301
37247543
9974112
33355887
3200648
12340135
7804719
12381010
39378024
16321802
20252640
25400856
56053369
45398849
4806696
13890793
566344
26298881
21049948
24546945
155095
22155814
46972863
47682342
10438743
12446811
9933301
32388514
2390037
2961541
5218470
10035508
14166267
47628556
11670197
4413354
22155816
57045459
2773099
686040
107133
48458522
10665893
30444868
488663
665779
12125400
8499140
1324269
1238249
2504357
9718174
13512065
38351459
1041693
13382404
14946813
25839058
22248690
3443839
28060047
4912051
17312544
96992091
1778049
4316214
135206121
53274661
93273726
12487923
14067580
35839485
35576311
24932829
3276735
222066
60166614
23949472
8864089
71788618
2173339
3811269
8397285
21389621
85559964
56062369
5242705
10883180
55799063
16740425
43182624
18533136
20076954
53015
22891003
4055599
717462
16469001
7314424
4368287
1915339
24742246
7721129
8397240
179491332
20632341
11897271
1635139
20800203
23745320
10438743
26969876
5529366
32441088
23339408
19893471
2421760
26756375
4103484
10665893
11616672
30308517
13366764
31292733
2421811
1663659
24996016
19133949
111747
453250
8388468
25640384
48365298
11902172
34468034
1808894
45590343
81147780
6849128
6407790
26288263
5840337
6407790
1642359
13906445
2360279
16472822
3192372
21750912
30536675
36698733
358981
19711528
11555537
10269177
13884067
10346546
2291184
13512065
6773845
33071441
10883180
1207943
1192430
3200648
700102
21045909
1609234
84003666
37018998
10558604
23679428
96088187
1472535
57783820
6654740
15132548
318150
2902208
33923041
15003774
25338738
8653194
3766092
48752777
19232872
16608396
23518848
1424781
48365298
9909299
19425324
2880874
7565706
38779866
9337991
2664580
4474878
299089
3048492
18327374
27655498
8771542
4863918
36152847
4083
27940600
1151613
37575477
21321963
15004581
63313588
1026504
10694437
110159518
66933168
1453759
3079043
46763496
6336432
1370147
10808245
403928
30786371
371616
48750127
17976582
5473310
6773845
10035508
26175117
1828587
8499140
4161652
15004581
1046788
10015457
5175171
4577301
488663
5384956
5026983
24573088
4368198
5845434
39102507
26298881
1585647
7314424
11784613
25858376
37777677
49305452
8532053
10989193
19235790
495600
25640384
12748135
19560216
1615962
28866743
9145799
11214994
26298881
2665079
84714868
552356
20840745
43866018
2297532
11831859
3661618
6126612
3498473
8232965
52503099
6634450
93885645
8742231
86178623
2560094
59386856
11555537
10852404
31778355
21963152
16021251
337988
20989824
16935741
46972863
10665893
9051523
2572237
7383051
743420
1896042
18384966
8355224
19232872
4316214
3200648
4316214
6720058
52118786
91807
3454913
9548844
1609893
8718924
9051494
17247297
19405311
47110663
7162008
32324310
43857226
2108514
28349353
8944611
20470448
2004192
8232965
4139430
4570872
2486349
30664026
76352848
1808894
13539890
3281146
31778355
2387349
58122976
3725128
10242442
5788050
4161652
137121
477860
3261756
15769104
2257430
8864089
2981866
2961541
28590260
38800044
1969838
2328659
80887794
5989512
7877142
1225903
8451770
801132
27877154
7475247
17238510
8232965
7974031
39173288
21963152
1043447
2084559
56879453
12022090
3955017
6047610
7078448
44214372
65664658
18219846
1450530
29783313
4980072
44433091
1585786
22488537
7001696
41875
3000022
7627152
1657999
31292733
4322828
10671507
5044368
11513555
19891457
3276735
195431
30536675
5723190
136857636
4806364
608612
22545160
38467773
1576276
54174165
4224915
7001696
626044
3098445
14300945
26720736
17229798
12021730
15434106
5156846
30015371
6195564
15434106
91458612
4528944
19232872
19932999
25348410
84798876
5723190
3535950
35529460
50865099
777268
5723102
68065006
12858363
933007
40925099
18039505
6913913
10883180
14585391
18219846
21963152
4980072
7961793
22573753
45760402
19460
12158370
6417398
2173339
12487891
49217238
32559981
1007895
1368900
92275955
1609893
49458045
11011669
2884281
14938722
22240166
33355887
118819239
49448556
26520424
34627151
8588788
55658600
2135
6407869
1970604
977904
13114507
21640572
20039683
50980572
2577710
31548328
39224
32559981
88568558
32559981
3923490
9872304
32243914
34745859
14406805
3325630
8397285
60979722
77351011
69788028
36860964
4791823
6178203
4255944
20658782
139954710
1264635
21390774
2803716
2663655
12999994
717462
1114965
28431500
1517337
106450535
9712667
29124084
17729192
10206842
28590260
3241612
31012845
40871622
16021251
13512065
5905167
4413354
71250768
16830687
25858376
19040736
17063031
7235098
6688968
5260686
18198188
12226711
32559981
20290448
20784698
2108514
12625696
42546308
501017
28590260
6773845
64172378
6482974
17249976
36557312
13983024
2021784
1888204
18384958
6789469
5341278
71788618
2961541
3152787
32064651
184584
4103484
366037
55658600
18720486
488663
479570
553644
8232965
48762569
1703305
29525022
3671316
56673701
9238755
78454298
18533136
70462
15320031
7475247
1702449
1998359
77156557
4302226
7556120
21486449
1407330
503688
24498555
918980
28354019
7232963
162721968
65101720
13774461
13512065
713060
24996016
71978529
18540300
50267844
20090136
33116459
52118786
10206842
6688968
358981
1808894
7758336
30040207
918980
22716439
13125994
864942
19007426
1731979
28802403
44187993
17549661
13157049
12405018
4255944
507761
12625697
16935741
14024136
12709186
169521
4640314
433853
5089200
34746317
3964846
2360404
9632169
25400856
13774461
650880
1539837
801132
4161652
16698012
3241392
10883180
9376692
14024115
40962875
158157
694271
8385309
1150345
2283667
5989512
11535795
2265494
14360979
5605077
105269352
78454298
10877453
22917552
12692195
269507
7696897
46953675
14024136
34931823
14585391
2958739
801132
2444682
46800814
19932608
34995384
8239919
21703655
7360673
38519884
12613288
1284075
2143639
17290596
26306585
6625254
103930587
10759791
4528944
22411324
10515295
2526214
26720736
17017956
10051246
18419383
11670197
21140241
19040736
5173206
1098072
56432565
32085978
2458804
11670197
2143639
25852265
14585391
28895899
3119138
3451634
9818991
13583414
134449444
17407811
7804719
20441336
14585236
5845434
1647068
57622173
73513170
1978599
801132
9854033
2328650
6255834
21577227
311394
57291574
1780443
62726891
25858376
133836
24996010
45448995
29292006
1077291
169521
31726519
2158403
100490069
812163
5589273
2932203
6255834
269505
930924
2143639
116850665
3865666
41598927
1558674
5788488
2106600
8314674
9435257
143916
1931467
137583159
12999994
8588788
7235098
1424781
66507418
28590260
18534931
21963152
21394080
650859
13125975
4718109
1169640
16471834
69788028
18533136
147285
177561
3079043
46238901
23518848
499676
9818991
638959
6047610
700964
58122548
61981858
20470448
86286705
70022186
3954804
2198514
26520424
751048
8807811
1324269
4255217
8232965
1856649
56586978
17510370
18314838
5855479
608612
5529366
7574344
965204
39024
2126550
46238913
1063494
9520056
7824252
33679398
13382404
9337991
8499140
15985387
9922227
103228064
27575134
17779329
28094931
10944125
17249777
1626123
2198514
3509685
4919652
8588788
95862
53937039
11076303
2736965
1998359
8771542
1063494
1098072
12021730
536059
7267761
30040207
18035661
4980014
13238211
12625697
70803988
66933168
2291184
1450530
91807
12480798
23745320
6640009
47066266
14576237
21067300
15707901
16780401
27886152
948021
29307592
24749952
8232965
106809516
6737845
5956017
442533
2088790
13238211
5270181
92030037
5403054
7556120
6314912
118469232
65983410
77288226
21936548
451869
3276708
1731979
11214994
101479268
10883180
2665079
2232068
3587793
1057323
6847860
15707901
524076
37304997
28094931
20067283
137121
6057094
16274162
3914306
5341278
2042561
2197366
1769668
22155816
73284578
17729196
1324269
8447296
629613
57667173
21581864
17062533
12381012
361051
273630
19038903
4693812
41249178
129675
892707
14818935
19755592
31778355
26298881
10940422
8134191
3023087
2387064
83864571
801132
19543368
1856649
9145799
5157900
23339408
58122976
17891556
43553259
33113009
10833391
41249178
1490391
13669398
12381012
1396637
65123378
16152771
12701861
127236912
6404402
5482522
3725128
16780401
2803944
8399868
4336794
1151613
2803944
7475247
3831502
39102507
12944
6766935
172843
85559964
19232872
19268603
18480
6174379
15272211
7383051
676852
9337659
74884353
273630
31778355
235948
3404181
3587793
7314424
52832
452185
504357
318150
27886154
524076
3570585
4594411
38198511
2108514
15252751
5089200
21534330
617004
15920751
2210457
11482657
39453263
107641130
4161652
3454913
27325852
4011305
6496870
14711202
6983587
23138600
19040691
9197526
19750934
21198684
3893764
7184613
12070086
23138600
9437701
13067428
6625254
4474878
2961540
5723190
51302
15578676
3284724
299089
13486694
2538657
2021784
87911607
210502
4011964
207363
14310711
1856649
4201172
675861
9145799
50232010
16780401
6740710
439254
45149489
1490391
501125
3200648
3530666
177561
4474878
6255834
16780401
4775401
190161
9269609
47231387
1386396
3866192
4328112
8499140
7145775
6234312
10985851
23745320
14577454
194388
91807
61502936
40648923
2792202
13626291
3200648
40673
27843277
7145775
7145775
48928178
6194520
45204705
4150473
3633091
2121981
13626291
4507607
4914011
3454913
918980
48282708
24002
9047460
31144539
48365298
4255944
21393925
3000041
10132203
6047610
3454913
87922662
12260773
57291574
19755592
16935741
3771405
237117
16609953
100127643
14429124
2918946
3032997
4316214
19930079
27889828
5148900
1702449
37575477
2198514
5104020
641908
79404840
32062944
26298453
29562348
30786371
2328659
452794
9045331
18953748
10759728
22917552
2627333
4413354
3000038
22885978
46238343
28802403
13998792
28708256
4633722
59401696
7721127
1826040
2665079
6418323
58569161
50232010
2665079
40024611
5000460
9893572
26232073
43252659
3535950
5723190
9316297
411691
2360404
2804418
34168266
2665079
6887451
9518991
4968998
264406
9226878
16608396
9494254
3079043
24998476
1264635
24573088
9538158
9767842
1386396
4161652
7968934
1026504
2479489
13626810
14174931
72409845
23339408
21185304
11783130
7145775
2198984
67592496
6455695
26053656
788201
1005576
22852377
66712757
89670357
7974031
1731979
21394080
1834814
298876
28590260
37310221
42950693
1609893
4161652
139395
39137
128165754
1490816
8320910
641908
11670197
22843968
988077
1115676
117496956
31790721
523986
30040161
11502705
69788028
34470169
23339408
29514153
20632344
16327129
3195551
3914306
5648208
9613461
2560094
15054839
12736548
34467607
47181381
10346546
34105499
39102507
15508034
2108514
2847175
156131631
4083285
1657999
537392
40738871
8089979
197607
2884981
13512065
58122947
4574922
0
17073426
47908595
17729196
6543277
19123060
1517337
14430486
9051523
32559861
17073426
8160848
665032
67915356
247597
47062815
8012725
275087
7383051
7721100
10655690
3498473
36152847
75314881
26903026
65123378
41598927
20422301
376183
907892
10311090
453250
36507504
444606
2463191
18307449
12381012
3535950
3866192
1793042
8944611
29067569
14814420
903904
2827237
4980072
867516
15872616
6047159
42864744
4500647
23745320
10347112
2947629
11214994
20424420
4161652
11494200
0
2084559
281099
63588196
6773845
777268
14723571
3200648
145729362
7781859
6322128
31292733
2049278
461762
2084559
26298881
56343396
50980572
2198514
6469242
4638591
5341278
3811269
5525538
5561206
2736965
14585391
143916
30333350
3866192
40024611
26019594
7895739
16351524
2961522
36113952
5218470
553644
2694549
23667028
9818991
19405311
8059207
17153711
15272211
2108514
252825
1629144
23745320
14574237
2486349
19932608
1153140
29626449
11513555
110825532
686040
13626291
3032997
7001696
24027072
4607361
16608396
15434106
20300679
8771542
69733124
4528944
307815
95739147
6407790
2486349
15872616
14671162
23265712
37657571
9392145
21378440
5921886
4212659
1729030
12000072
12260773
58540976
7001696
928103
17221912
6932421
24851554
20603631
14162489
4381764
4103484
25591894
6469239
73052894
14940699
27655498
24573088
817700
2236063
2518944
44748
2036218
3813394
12486378
2701847
10558604
39378024
1225935
2458783
75417
45097572
6368547
2021784
71817975
1730792
31292733
442533
6010980
1151613
727415
2764099
64578221
58239689
15389052
44558190
41598927
21394080
2271270
751048
3955017
713060
1098072
21020680
32064652
1450530
5776636
7827855
4061068
37166505
65123376
13003530
4711590
5723190
10124751
30040207
7839720
34429863
9818991
2021571
6407790
28590260
74251398
8131069
12125400
16935741
14310711
5788488
33923041
19040736
10062199
29067569
87630508
4594155
5921886
5969873
17382116
777268
1140520
2629521
5845434
2198514
202993
48840892
24027072
18288222
9520056
608612
15004581
7719092
18533136
2773099
24002
13382404
18031236
3914306
5894024
329553
10438743
1788568
32324310
1034156
3630274
3552193
5038470
16035560
40276380
63798516
16005019
21346440
7145775
860056
3811269
7877142
27655498
5403054
9337991
1026504
817700
29307592
44253767
45894799
21203919
8397285
3319175
15578676
9933301
14034479
411691
55217952
1657999
58540976
8107476
26298881
790416
3461727
27413379
4011964
11759806
39618354
700964
8320910
11214994
18533136
3771405
4563107
10035508
4413354
9632273
11940472
207924
23880987
38969203
2418031
3691826
44883644
17408031
2234459
10998049
9046426
5284302
19102438
15207584
50980572
2458804
4011964
19232872
18887214
19210012
8499073
74825694
12221510
8134191
4298777
10124751
41917687
37310310
2884981
14585391
358981
2403450
1636341
3404181
13336242
825327
1035106
2524776
203325
45580428
68348022
27196906
68287200
4574922
2055494
7846014
1576485
41112
5529366
436085
3671316
111715
738224
140088
2072790
20836000
6242652
9503514
2198514
2884973
14173744
10124751
3811269
8667789
6914076
8100129
9989041
2619565
14024136
380849
2664420
16149750
10871982
3861782
9104253
3955017
13073697
2055494
15146646
64158174
24338488
2526214
2055494
17401062
10375896
11214994
5403054
350007
15490244
58122976
59813387
33447426
5593356
742048
7475768
4528944
5659553
13988
20290448
3241612
16308369
5157900
44896086
15146646
28590260
1539837
1000119
1013526
18720486
11555537
3404181
22327728
2884981
103512
479512
21581864
14965444
132311922
3947892
137239690
52760643
58924548
2328659
576536
16321821
817700
55634408
4638604
66407
16935741
19560216
15224903
4327981
6196041
2180463
5648208
58692
16018722
1053395
13254318
22288802
33281989
9592155
10035508
2159869
1731979
14981604
35839485
7589410
2840208
4103484
5332762
4161652
11418213
21450492
545970
1300257
4528082
76208079
15578676
71598457
7235098
28354028
5921886
1304567
29307592
6744507
11772054
8824730
7048951
5378576
1731979
10883180
12795808
9425049
10665893
10242442
21146483
20504073
21185304
13227946
263851
1927727
38467773
3368079
79785172
23495797
38627646
10124751
11327617
29794387
5723190
16420189
13906445
32003570
8667789
2173339
6505509
16921753
3605247
14613144
202334475
49753978
39072179
78454298
12260773
516607
78454298
15146646
26510632
1586277
16685955
5695905
366037
3200648
83353872
13287693
7721129
6552481
4341664
51302
74122
13774461
1169640
2736965
16608396
115208745
3200648
1808894
31778355
96039048
125795424
1517337
4413354
14732736
790416
12381012
1264635
2359707
45200700
32531967
49779030
7311617
777268
1731979
7721129
14247403
566333
15204108
17664045
60673898
6688968
9435257
11772054
3105230
358981
16935674
83538180
10035508
26065980
20446286
3276735
69788028
1657984
1091139
7382988
9933301
2660598
1424781
777268
3515418
15741980
33653149
30040207
7810947
4335145
3866192
6407745
2337704
3288208
965204
4993458
2212801
9731371
61698164
25600078
82374180
6151244
3498473
33653149
10272039
23339408
1077291
13694583
19204140
553644
3942129
6625254
54457553
15822868
45012
31434565
403106
33649629
80061570
55998036
12260773
35839485
6014954
7274118
13048151
60587540
2056032
965204
997209
8667789
28354028
874312
488663
211017
6255834
34168254
584748
11961
3119138
6062013
1169640
546016
20420784
16888842
2999983
4664030
996345
2486349
2055494
650880
13626291
32762601
14219271
3670035
1808809
23050296
13726362
4103484
80551035
9632273
29307592
18783864
3914306
21103467
2792202
1856649
53061127
4011964
45580428
70803988
2495852
2084559
2265494
26053656
468552
1702449
1450530
6332604
2817625
11214994
43884928
2736439
949761
1274954
4103484
4767029
123329151
2884949
13512065
3698534
1284075
5154577
1543486
17249714
19552267
20470448
17729196
27196751
977190
4474878
6159468
2055494
14145564
37310308
5706751
4474878
6503847
118404
86403
49795770
1970604
1151613
39378024
2084559
11553829
4574922
56879464
24996016
2872037
17660818
19583619
6553137
3478066
8664600
54025626
503426
4544067
2196969
10883180
1915339
1077291
4011964
169521
38319777
35335147
6552481
23339408
10256670
77352198
479570
4713777
77925729
19232872
72202539
3630702
8383818
32850698
22327728
617004
8304157
80013326
364920
676852
5218461
7414250
21019412
18720486
11426310
35296992
14492
23518848
5218470
10297038
41382891
5842564
41919822
388409
5860889
17282944
961208
18890031
6688968
190161
9302391
108765219
8494505
3178659
16021251
3591846
25640113
23518848
9435257
9229038
6477330
13382404
3076394
5723190
17408031
23590632
26298881
1970604
13382404
20632344
26364567
2526214
19406954
2228833
7931773
6935289
2874577
3708638
37900620
420078
154458
26053656
488663
16182625
15718158
1184562
37804333
84782
20632344
436240
23742929
1657999
112504054
16780401
5579431
7870173
196696
16780401
43026441
7627152
10327038
17191537
10665893
17644877
36586986
26969905
11585490
87911607
874312
19677
37625
82909580
8269851
1937649
7086615
11322175
59386856
3914306
5044188
56879464
51701451
21022845
566344
3587793
1757324
30209835
16779120
33700975
2694549
14174931
17729196
49119557
7673526
23339408
7804719
34470169
7974029
5989512
2916474
6883886
1344708
4806696
4806696
11933064
3330243
366037
1586277
165082
1731979
6849128
21581864
25858376
761088
27474584
16608396
8059207
15863094
3368299
2458804
8833761
29525022
14430486
41598927
5270244
43553259
20090046
9692494
918980
35600970
1525159
14723571
19975944
630800
3074717
9632273
20178
3325630
7974020
3119138
72117
181589
46119577
461762
5648208
42845082
10310395
5921886
4638636
5552244
9459404
12250024
43507215
7870356
2766317
1467531
12564704
24363784
2425440
10438743
44558190
4683344
20886796
12125400
17249976
25968874
8102007
1046790
74122
40777474
16321821
9337000
3404181
2847295
6768408
4164939
22872789
184584
2629724
11772054
46063593
11327617
40861102
1158547
59287502
393222
8232965
4619644
39543306
3241612
24760344
12625697
44558190
461762
7314424
19232872
7804719
40008215
6125174
516786
841319
20470448
3000041
45924615
45821926
20836000
59721580
3498454
16935741
1240851
1584345
26969905
101479268
34746317
41230698
3241612
21750912
58540976
66507418
1180563
45204705
17323974
19755592
7793793
12974739
9337184
2055494
36698733
10992425
6625254
12625697
1836902
1077291
41919822
21096717
16473021
15707901
14538419
4061068
11697476
10882527
56062369
790416
9050458
119636697
656390
344524
3518808
66507418
50231847
66043140
2884981
26316054
4211391
70315818
21748350
1629144
1907097
39462077
30261156
13906445
23536159
7720797
7135767
10684514
38800044
11742
94411866
66868347
51356924
5063082
21581864
10992457
5593356
62422970
6914076
7804719
3000041
177561
5157900
33411112
3866192
39152337
6463513
13125994
9435257
23134772
26470936
9847767
1386396
5420097
713060
35304003
87850348
44044440
27196906
26913878
36084375
44105486
32053578
20089973
33923041
15462072
299089
9933301
43553259
75789798
584748
89668919
46238343
32064652
396877
6552481
32850698
12125400
6336432
2291184
21185304
2803881
3152785
7804719
24996016
5622797
8959531
14585391
2424452
4212659
14476677
1115676
7884233
1558674
17520580
33355887
11400438
9299601
15434106
9685101
40526274
18933783
104448
1627863
8320910
12125400
232020
1026504
6126612
2458804
76352848
51490071
576536
59351256
13587882
32559981
26516786
14655364
17073426
26969905
3112169
35839485
977904
4315688
12015619
1264635
4980072
1386396
3325630
2526214
4101973
28392653
9727371
12625697
11211487
6557047
20090475
7006074
304755
16021251
38800044
4126582
402889
3671316
20290448
14250098
1629144
7078448
1808894
1732740
4368287
163676652
203325
4993889
520909
11968898
3368299
43936998
12225173
7587178
38800044
41982939
779350
13906445
44779349
11214994
2865684
4316214
30906118
885996
1407330
27511689
1682163
2494627
64666808
1702449
96262626
7877139
4371972
20328716
25640384
1211121
365340
13119807
10883180
35839485
19232872
2108514
4474878
32380
3866192
3079043
2795515
2592480
10035508
118826981
19755592
13512065
4555875
9050716
12749492
7134893
30177694
118819239
997209
52034004
5921886
29794387
29525022
4474878
14723571
4116549
10558604
2152709
2408123
95862
2156797
3608264
15141549
54843575
45925659
5024308
24573088
3325630
9003351
1013526
16046238
31920462
40624732
19519104
15434106
27830844
4806696
5921886
7593182
3276735
10983457
6596284
13666411
12021730
7453504
45916424
37900620
10992168
5239501
8134191
10982965
39378024
37018998
380849
77352198
87077
157088460
355855
4118979
90808305
2055494
21394080
1926402
17589939
19754154
14846961
48762558
2961539
1998359
1324269
35839485
12087284
33923041
1554729
14814
6047610
7001696
4336532
4474878
19232872
1112226
26053656
4729599
13741756
5218042
5152719
18720486
5024308
1264635
3587793
6117156
2695150
5403054
175187480
3613303
27196906
9461088
14430486
7804719
38198511
13382404
57218985
49058314
7556120
32204705
5157900
13382404
523667
38917749
6126612
453250
48917849
4103484
9593891
28220192
8957975
29338528
14136012
22710672
4106325
40648923
23408720
13512065
11837043
428290
24573088
34900075
5038470
10992457
1450530
9818991
4264912
488663
6688968
80434520
3404181
6124557
19710542
5045916
11214994
34179954
72271455
10035508
8134191
12714135
1851936
18692361
25858376
3535950
54457553
1324269
8864089
20290448
31660724
3811269
19064140
3615250
41221164
11642784
2901482
14723571
10280637
13208117
21963152
49657786
11426310
24363784
12681844
27655498
34576285
21431809
6678765
6316032
5921886
3027555
1855381
28590260
6047610
3032994
11670197
350007
42060403
8397165
6195564
40406574
678382
1424781
2961541
3454913
722904
20836000
10202041
1814929
11903660
10252380
10835476
32559981
13906445
17107825
738228
90355380
3000041
3955017
1856426
13367002
24592691
60997
109002
9435257
39672449
18035661
23339408
42136548
143333655
5286950
16085810
5341278
3330479
23147630
24755631
12329596
11555537
12813351
8291972
4316214
8976225
47004799
1300257
14736143
2328638
3914306
46550228
3325630
27752124
15573527
3771405
4741674
23745320
2588949
44833319
3954854
28824058
26879304
4806696
13512065
4892292
22102984
9799465
3079043
4744071
13906445
57291574
41109520
12260773
32325245
11840121
8667789
38368701
23339408
16321821
30786093
1200282
170386
38414718
53748893
630800
1731580
8291052
12211491
15578676
11667365
55658600
10253534
29794387
27655373
12749492
32559981
1775368
32064652
9992587
118404
5737671
11310121
5577099
3119138
17005629
19430541
81693780
7282497
5403054
2127999
4061068
56715908
5495235
7158052
9818991
831611
24363784
22610946
1808894
1063494
75318388
3032997
14430486
38749600
2452693
41249178
10671486
14720994
72283608
4858811
34470169
679306
11214994
6469242
273630
10759791
27148059
65123378
11539897
34168266
47293128
8588788
37565085
2736965
930924
203325
3771405
18890031
3811269
31778355
10035508
2328659
37575477
49169600
18035661
20090136
997209
37018998
9051523
11425218
889358
1225891
5157900
22973395
1140591
10001446
18925344
18717915
58924548
3451463
44850566
8539991
42872670
29983745
20890933
2847295
665032
25640384
57591279
40304394
634784
83864571
20290448
247597
1114744
1446927
4912746
5037017
10749344
8189847
47293128
12916626
5373172
10346546
31733133
40447229
1129779
979822
39146723
14430486
52553084
26684410
2425639
8059207
33124867
15744800
25911812
34746317
40648923
11400438
3187963
16681129
5016488
11671197
8019922
2425639
10392863
16186492
299089
9435257
84782
3119138
2773099
4574922
101478817
8932869
565608
29067569
3325630
3725128
23518848
1386396
24236350
425869
21795368
10705619
18368988
3079043
3368284
7721129
40291818
11749203
103519824
65028558
7067483
12749492
3079043
15434106
18488466
43189440
4255944
28695953
5899367
21353539
1206927
5915190
1380920
9435257
860056
4774012
9520056
10665893
43553259
167467008
51301086
107218388
2803944
1778049
14113934
11504235
67915940
19932608
28590260
13125994
8397285
847877
8397285
27886154
2736964
45958625
14723571
9933301
777268
524076
716205
8249952
3535807
918980
3700231
2736965
74806828
5692499
11902223
11903462
5403054
7235098
11879470
9145799
7867660
65999748
1121754
5989512
566344
1046790
8499140
4574922
62387881
3498473
5614221
15888864
16021251
8499140
78292
1264635
113217311
44434324
4011964
2055494
20191261
4741674
14121144
8343618
9398511
54867945
94448568
49125773
7144228
10242442
6572888
29794387
41598927
7552124
4157817
6625254
7877142
17891556
9229038
22338073
3119138
11583921
30040207
318150
8667789
7001696
2563229
66507418
18888220
4014367
3335165
12433650
14174931
2773099
63038819
676852
4875291
15057021
4255944
2265494
13125994
6083166
29959342
64786452
413763
49287
137121
1833789
777268
7804719
478526
16020680
65204405
9818991
30261156
1517224
1731968
12635094
1151613
4061068
3056397
1224666
3276735
1828838
9288993
949760
480690
20254023
1214745
38466492
5533029
5038470
13382404
28133737
2560094
18533136
19405311
27818307
28354028
488663
16608396
8059207
21394080
2291184
7419220
641908
7617617
13906445
5838309
6407790
7895739
18035661
17727159
6195564
4103484
22545160
13238211
11931874
24027072
5529366
5157900
3811269
27655498
7001696
2055494
15434039
5593356
14430486
309939
18779928
20289457
47853556
64143522
58540976
5766081
11089344
4209209
1517337
6644297
38800044
54025626
4066857
25338089
62423248
68868578
100127187
15272211
71250768
10206328
2114724
7001696
2291184
12256631
12625697
24522065
12487923
67921231
6126612
19456503
33653149
8320910
3000041
860056
17408031
12655279
4528944
4078188
8499140
884451
5626875
15707901
31548328
379141
15272211
36885143
5035941
1077291
380849
14642545
2526214
9840033
22908348
120387
4528944
59813387
903904
70803988
15620857
99162657
29183237
630800
1808894
32032651
11487
68348028
3522246
2526214
43039214
4026492
9345665
24968002
686040
25208720
80352
103451546
19022506
36439740
59896629
72655434
4806696
14846961
7235098
31887091
48762569
868105
18674699
4300648
885132
15872616
2387349
5773996
36217866
40024611
20486330
8134188
5918607
5788488
139425701
3884328
28057464
20602262
4741674
860056
21447088
630800
23917740
8772213
143916
2736965
3210328
7301214
860056
24748419
2693039
1973557
25692635
39102507
77725313
9051523
24760344
10665893
1517337
24002
4980072
147285
47490326
16255428
10104201
4103484
6195564
7346147
2164452
38800044
403928
1609826
955760
2526214
42380404
17249976
29944345
44975803
67443988
2961541
5270244
26969905
629362
32054979
14846961
19991069
66285
23783649
9051523
20632344
14024136
2360404
380849
210666
15044219
32064652
2218107
23103421
6914047
3312725
7393028
22149981
31591203
2920444
41249178
76024506
5270244
9229038
21963152
5157900
2143639
2526214
713060
2961541
3570670
37634872
8059207
33923041
918980
13959691
16133268
24525819
124659736
17073426
31063861
127434
5723190
13382404
1063494
4943091
1876494
17549661
3142671
14024136
1676899
8384439
46812125
7975750
28590040
28802403
801132
30266721
13382404
9337991
8320910
21136972
1184562
25597645
90678484
11327615
84782
25079694
18340754
1269363
2234459
9561395
318150
12197754
21285709
122062525
4805415
125774754
4741674
19755592
19755235
30102281
31216186
2773099
74605236
22159760
4804305
81573706
21581701
679071
19718170
5739572
13382404
11251035
2803585
33355887
56779852
1454791
2384155
70123127
546016
997209
51302
24323760
4574922
10558604
597003
817700
103717680
12436065
10439448
15797530
27400464
20800187
30040207
8460107
14585391
7877142
577353
36152847
33528715
56062369
2234459
12321972
13668803
30040207
59386771
10759791
9217604
19932608
2393259
73517586
48365298
5529366
4912746
11903661
4316214
29307592
46972863
95119143
1558674
247597
10665893
18121104
3454913
13095666
842604
56879464
1225935
7063938
37018998
17451625
461762
22327728
98895973
1834814
37900620
9514914
12944
2773099
506569
20009349
17344668
12625697
329553
34995384
40646739
413385
28805416
24991755
12860305
1355639
24760131
4806696
22545160
344883
21394080
64393932
2773099
26969905
30261156
50232010
11555537
38419441
912578
5341278
7329264
1834814
28208781
11555537
17891556
12260773
4011964
22895535
5157900
25208720
8771542
4513706
56879464
70315818
17549661
19405311
9741225
1575203
2716358
2741671
5882175
347023
10734408
4955577
58540281
18362588
48626413
5218470
5648208
2263450
3979584
1968075
8134191
28590260
11735937
318150
1115676
5770088
1386396
8232965
155573459
6407790
32258283
1707415
1730146
28526496
4603371
4587334
28045554
1383501
17588970
41918009
13012524
2781558
220879
291417
17240772
4161652
650880
12381012
75774984
6552477
7627152
18865195
95862
24510510
3445745
19755592
27886154
2045422
10759791
15004581
11555537
18889169
13908901
2748108
2143635
4413728
3633091
12138412
12622748
46094325
15272211
66044209
91807
40725102
81370065
145008
2861370
42038034
25640384
8134191
69100830
3200648
1545
2234459
257295779
1300257
156095940
1063494
12120147
81837
1807456
28946154
13382404
930567
1361223
8193960
1225935
2526195
6336432
5788488
5593356
18720486
46902506
49587377
442533
1386396
8499140
3725128
14024136
24996016
4212659
3934461
25856565
40024611
259794
54855527
4705493
101909648
10469387
31012845
25640384
2004201
1731978
71710326
4863918
26051823
1888204
60730267
3946689
19755592
7038642
2291184
700964
3811269
24104536
104062563
20556
20831287
12381012
13499121
8361358
41598927
38626399
20470448
3454913
57666120
53787
3276735
344883
39137
32380
4148470
4474878
81693780
12012730
30847364
2108514
26520424
15186509
26053656
72116
442533
4368287
5871108
16085821
8134176
5039913
11214994
286895
2387064
5157900
405789
17727758
21394080
9818991
58434600
9869654
6571615
17383996
4339232
30040192
42197250
2653781
9731371
2961541
19405311
135299322
2458804
12260729
10700355
96990653
27090525
10992457
133635566
2847295
2291184
71743075
13732374
6380655
1361223
2328659
4693812
16427745
16608396
20572480
22591816
16321821
3032997
49458045
66044408
27391647
2829241
11772054
8397285
33504965
32198024
37290706
23745320
3152787
38198511
35430136
2916474
38800044
7550807
38467773
2901131
6552324
107664
47283874
817700
59568037
35641521
1986222
27196906
2884981
30786371
2359335
95862
9435257
34995384
18219846
12923601
18332501
1227726
148237927
36439740
3725128
7334787
4316214
13626006
8499119
18888704
38800044
1424781
9932095
665032
15071490
6773319
64224275
7566843
17962564
56563
2803944
72288714
7556120
21965006
484988
33653149
11089344
64666808
5367726
44619957
1739676
25183424
16608396
15872616
3404181
1834814
4474878
33344145
52448578
2387349
25400847
34995384
90808305
2108514
11105551
2912967
39165641
4806696
15957493
4572360
8732405
5529366
76352848
7984383
51201280
25208720
12999994
129675
6407790
38198511
42210432
5032317
5648208
19755592
13238211
17408031
71788618
7383051
874312
3914086
23152811
22917552
1407330
2511278
442533
3811269
713060
640525
427905
1150954
21698858
28354028
12204327
30475678
7001583
15707901
6712411
8780118
10034815
1324268
47575210
34256784
993821
6336432
12261766
10896055
286895
17249976
4567953
28802403
2587884
37574209
19755507
3106804
3865993
8546004
5063460
9050532
10759791
23949472
46178352
5218470
23949021
21750912
37575477
17754435
1808894
7001696
61503798
38198511
10346546
2095932
27915956
133836
71288810
1619147
36439740
19560216
26053656
1517337
6126612
10992457
37000518
6047610
15434106
24363726
52011463
9245233
15220737
7334719
2916474
43190721
11361062
500373
16321821
46972863
9337991
5661551
3649377
670859
2164452
230381
16586293
56066220
8499139
45950364
70315818
767187
2328659
1004526
9258240
107133
44558190
9723129
38286242
21020680
10035508
25090316
2847295
2588949
2629611
5593356
9818991
12801342
7282429
10035508
2084559
1046790
25640376
4521863
91458612
29466330
9051523
63313588
2884981
6773845
53984514
1517337
436222
16615097
225687
34746317
18890031
2510657
13100342
6552481
18035661
6249633
26467592
7627152
93430859
15099674
13864551
3079043
468552
1754368
4969549
4721118
16469001
47126946
2360404
4332687
1682163
27879849
7700936
536068
9632273
49109539
3587793
9678539
18720486
12999994
6254566
20086328
34470056
22927620
39378024
1098072
30040207
3276735
13310287
1063494
20470448
885996
3731099
32064652
22469193
11670197
6849128
14846961
750689
7001696
157914940
62826198
9056958
4980072
8944582
286895
5341278
4161652
1026504
19755592
47682343
1915339
5630331
3404181
17249976
2567357
1791780
55380664
679554
965204
6914076
380849
1609893
14855724
11214881
15372551
51701451
35785005
10759791
15008360
3119138
5174541
13461871
4741674
28332370
3404181
45925659
91777467
3914306
436229
31292733
203314
10992457
7411656
37018998
507284
461762
8560245
10874377
318150
6822418
17655474
3703473
7383051
83864571
4316214
48332
12441113
45580428
13906445
12888247
19805416
473960
2015052
24996016
10124751
13300776
27886154
2961541
665032
1558674
107133
15992268
6625254
4316214
13491887
7714324
100004715
96986250
2898376
2803944
2753301
329553
56320551
13088572
38800044
4974630
659808
16473021
32559981
28354028
12021730
60912139
1344708
21391689
143916
245168337
25279100
56761107
8609607
1153129
2055494
507284
4011964
387141
524076
47083761
10202041
5382876
5218470
1915339
38782548
662111
37393336
1955706
4027703
3454913
35584451
36698733
3186380
3866192
1657999
7235098
146837543
46215837
222283135
6997286
27687273
24593594
16780401
2803944
2142980
6126612
9435257
2360404
507284
10292759
5845434
617004
23842239
5341278
29066910
9731371
324548
1970384
37575477
3368299
2629724
4635819
9520056
23068391
417837
45580428
10744599
5788488
16748529
4741674
16622762
1360716
12999994
19932330
943842
1324269
3498473
20290447
8320910
30261156
5654649
7721129
61981858
5491579
3413529
20836000
3914306
4686762
12125400
3633091
11455115
29014911
3276735
14846961
14084739
10936361
17729196
123329151
2694547
2736965
5981562
5222658
57755432
34354696
860037
50569203
18533136
27027990
8667789
51356924
382814
18219846
40962879
124434
38622937
949761
4103481
17203882
25952183
25400856
281099
16780401
11214994
29058365
23949472
17874058
6785395
9204236
1424781
61193905
16149601
324548
67589514
1657999
52832
1808894
5038470
9337947
1077291
5619028
2173339
24760344
1115676
1888204
15060996
35568205
7804719
2665079
37069503
18726704
33567939
74437688
32559981
9610615
5097
6316972
650874
29047390
49577445
1097413
38263976
3811269
58540976
7001696
6126612
34168266
37422
27655498
78662415
5324255
73284578
2696328
15004581
10558604
38954071
7812609
27886154
49125773
4028868
5723190
66507418
197607
17408031
566344
4474878
21581864
17729196
47578503
44558190
1424781
11903661
52852737
16021251
7532088
12858363
513714
44893557
139605
5097
3368299
36152847
2291184
7627152
29525068
42567687
10140665
102067389
16935741
1717506
33117305
4291372
1121631
31324068
105457482
51356922
34470169
3535950
632776
6849128
4528944
10309068
26383125
4759588
245027079
1424781
11327617
918980
41416074
43908126
9054569
1904581
73389082
19888396
12256732
23518848
1915339
2198514
1046790
6625254
1888204
63656433
5341278
74322
1420068
41919822
1026504
4316213
2425639
22695
5088987
6954724
10671204
8771542
14708522
1063494
12021730
71192387
38198511
1853610
9404583
10084413
8397285
2197151
104784460
25400856
4273337
299089
117364497
99968111
9491394
6230538
2055494
114442152
6500986
2515836
3276729
909121
2486349
16934031
65348718
468650
777268
9933301
1013526
11220600
15578676
1359802
24087497
22545160
5529366
1778049
30023478
24877211
39102507
77401110
26053656
14790858
68868578
64715174
18110044
40304002
977904
6255834
52433827
516607
3955017
4693812
524076
57014124
5648208
20156089
13760470
57291574
5529366
45925659
2967982
8499140
10558604
30751851
83184351
24902156
5723190
10488186
24996016
1893417
4539449
66219159
2847293
8397285
1778049
25402105
36972026
885996
78292
89031579
3713626
8908569
8125832
3454051
6195564
5157900
48040265
200013760
9307142
8583380
25295955
6849128
17249976
93885645
10759791
11903661
965204
3771405
113472705
13864992
994740
3751676
35584451
3200648
1808894
5288030
7627152
21362361
9337991
2425639
1063369
8152509
21628134
13125994
12125400
11903661
25176655
4202211
30261156
11555537
1517337
41430994
57291574
1206883
4971188
8528795
165741
4980063
19067131
18384966
118404
12625697
557470
34470169
3914306
32850698
21750912
15434106
2055494
121058223
2021784
11089344
64642806
12021730
60673898
18799128
6334724
1075746
9433446
2234459
14024136
8397285
11772054
41919818
8059207
44558190
28742667
4011964
10035505
32064652
20727780
4948963
12625608
5845434
4693812
3325630
41803905
566344
20925261
2143639
16608396
24269122
728436
851392
1628079
10883180
38198511
50569203
872814
26751594
1077291
665032
46622330
6688968
87077
39378024
13972941
1206927
566344
59679438
26298881
3000041
21195769
337988
31292733
65413608
738710
8864089
2453004
21729337
8711698
33653149
488663
133835
1284075
1119867
34746317
77352198
16780401
113783450
11903661
12966513
100949352
23745320
25133303
3725128
7475247
17002379
2603578
3325630
61303143
9813894
11770344
337988
104640
9919463
1834814
1888204
2156261
4421274
9224601
318150
1250561
21784934
6552479
8205517
2944250
10242442
130683
30756665
31548328
84710959
27848779
7627152
25497308
39523457
23745320
425331
15707901
1300257
31772139
18840426
536068
60234292
5403054
1472535
47289741
137036
10890505
2328460
5845434
18533136
17237088
49287
24573088
8187953
2291184
36698733
16476405
15598709
51356924
9049486
3829212
30786371
36152847
47848691
92035378
30607920
30179613
21974142
3090361
13238211
3241392
10992457
13577457
3025805
9208926
40304394
745951
5323048
135888
733056
453250
51701451
22327728
11087799
11214994
39102507
3032997
8499140
43190721
1499191
77925729
6676730
1115609
6047447
29067569
5026983
2543937
34470169
2517217
464186
13512065
47416416
16780401
2629712
2173339
2143639
14926822
14846961
15313815
1757324
13242693
1129779
13977250
1593732
6296679
403928
8232965
9818991
109874058
15272211
1888204
42556613
9298356
4741674
4060206
1063494
39352022
7001696
53278489
6379013
5157900
7475247
45433907
2968593
21581864
1996282
60098976
3721300
24572637
98866635
2640243
32064652
72796745
6047610
11749292
4528944
3498473
13509899
9051523
1098072
15872616
16473021
6469242
11630031
18211182
3629095
4806696
9010411
18720486
10203
30028732
1129084
95119105
57667185
3335395
175476099
66507418
16152771
23451396
608612
1586277
842604
13198995
14606154
20290448
2512226
13238211
4115830
1915339
12380997
7705689
8588788
73789208
110951778
14814676
29645060
777268
41833966
23339408
9520056
8012252
4212659
8499140
5456868
2736965
26720736
10883180
165741
102791810
16329015
6888903
20556
12804573
1264635
202515
1184562
13943096
46566458
80024914
19876581
44632235
9933301
8939776
18436781
3587793
860056
1757324
43779924
3000041
16321821
948574
2021784
461673
4079591
24344324
160402
516607
41682705
14735544
17971051
25858376
19232872
60673898
8420848
25208720
11426310
17408031
31778355
417792
903904
18775695
1281187
7627152
16844769
8126969
34746317
6849128
12625697
397223
8985084
16581802
4315465
2387349
11172117
9051523
31012845
40568671
2360404
8499140
5456847
27400464
8667789
85559964
75367733
3241612
14389862
40962879
2575767
60997
1558674
4413354
50980572
39809412
1998359
122628869
66173657
16057008
20909706
2961541
6380708
3468145
23869120
7367387
10242442
738228
53278489
15791547
29307592
16407210
58122976
1407284
18200382
22545160
7784541
4974999
1702092
18683615
23315523
33116459
4912746
21750912
19405311
5302420
20836000
3657670
4412997
8944611
32946938
16321821
49287
10398945
10759791
19925912
3715407
1856649
31778355
1586277
2929818
13739807
7145775
14174931
252825
44556752
1998359
51633371
165741
5600855
23943037
4840330
163696989
9143270
3404181
5921886
87872470
4474878
9096087
2227955
21589958
6208594
3368299
113812337
562516
1270642
31719769
62272554
15707901
122893
1586277
2935268
70803988
9435257
16129034
26720736
41968761
516607
31366654
1013526
2572772
51595332
3197627
14038108
10700935
10558604
120387
120387
160731
553644
22152137
5340619
468552
1888204
5921886
6552481
2210457
8134191
34995384
7398723
21020680
2623553
45012
4061068
28090296
2378685
25905963
8944611
109556469
65857711
90774243
25858376
191188121
700964
31548328
33816459
25640384
14427924
42652827
15266094
20836000
12260773
477521
4171547
118404
12999994
66043749
2847295
20836000
1472535
7475247
10375931
31012845
374345
7974031
36968016
18091777
2513919
30441488
2509307
11549696
783449
3002484
964141
19761507
9739114
37900620
15705339
1633614
7314424
1379163
27567399
7550807
1915339
27234501
13626291
50546343
57640901
33922921
16780401
58105480
1013482
14743449
14384964
2588949
3478797
6867554
4474878
14718258
21197268
1013526
47682343
4120852
29038999
11327617
22860
1067564
307016
1579707
23292914
25208720
41241228
6469242
11900382
39137
8059207
48365298
14430486
4509156
2588949
17332299
9948431
31630731
8004679
24996016
1539837
3299036
38198511
181674
1702449
4316214
15053257
17356729
11903462
80267670
16021251
22327683
8232965
9229038
4620648
240807
3119138
919559
43886196
10242442
12095779
566344
1324269
13910088
1757324
5394054
33108509
2425635
9406117
7517824
21159420
24896829
318150
10105002
4612042
8320910
8499140
5593356
40345530
6528536
6255834
4806696
106753486
3404181
621197
50703994
22917552
436240
32545993
2655158
5646375
28802403
2328659
2234459
722904
41919822
1324269
14044257
3955017
30534967
7145775
4438245
7314424
6913863
50777331
8913717
1682163
9319504
3240848
2526214
3912171
18035304
13619166
9145799
738228
15578676
15872616
1284075
997209
6774476
949761
43172410
78292
417837
11578612
3528612
10558604
38463677
57667185
2526214
26948882
8132923
12260773
991314
34627913
3200648
12381012
158157
22327728
13114871
1213194
110922459
27448
576536
28353696
26969905
27100077
9828867
17073426
13206215
28642774
2916474
48393658
7109421
21157290
3230125
2560094
1629144
608612
6552479
4161652
9792
21954488
5921886
3390556
13238211
41632047
79231479
19932608
1052621
6625254
22545160
43885520
9825018
42955483
6125146
12999994
24362597
2961541
39149523
6255834
6637322
2198514
143717
63558890
914279
24986654
3078830
11331795
22155816
38798676
7092358
3097480
6469242
13574953
1682163
2143639
65532990
6341689
15272211
270231
4474878
247597
24996016
1750815
26720736
8561340
101777
27405698
15939768
790416
10386324
1056206
1450085
8747540
9933301
6071472
9822438
3355355
28590260
10124751
790416
45174377
1344708
66407
21045909
118819239
2198514
358981
21020680
152708860
1912522
18861138
308429
7078390
14266484
2198514
29794387
7814450
41556050
13774461
75454245
719295
44698380
2544741
83353872
3000041
5972016
8132543
10438743
50741208
305326
8320910
28094931
21279999
3079043
27563612
10883180
1169640
6914076
38135012
22545160
9353420
1935097
1264303
11089344
83353872
50228560
3476449
1098072
3594127
4146012
3079043
31536483
9701043
13382404
6914076
17527888
31292733
530571
21814331
19334410
2143639
17230470
3514967
19755592
11600895
4897616
24760344
40024611
371616
949761
14518395
20836000
17232480
3325630
17396544
30863037
42567687
1284075
10558604
930924
22737193
2265274
21740520
24363784
8345323
30786371
5097
77925729
6195564
5154621
900030
35786653
26474310
5341278
20765765
3091790
10410564
2112642
48273906
13125994
2814915
5673362
676852
29792679
5218470
4376034
53278489
977904
10035508
9584761
15707898
35930781
1265977
3607516
45925659
2588949
160449
742029
1472330
5157900
12989737
5089200
4251729
165741
24573088
7804719
11633970
1063494
4316214
10422951
3152787
2328659
8059207
5026777
5038470
8397285
20090136
8232965
1629144
19707260
5519574
9051191
1657999
20836000
14181442
54025406
17501187
22323739
1214482
7475247
115462
25400856
43190721
4528944
3913783
16021251
222945
41628146
27332219
15169486
8934582
12337050
5959023
67916218
110195118
738228
44134206
10206684
3119138
61981858
49861111
461472
403928
9337991
12021730
19490223
21185304
104013276
949761
2692716
120366818
12251569
37560663
350007
65123378
29307592
25361674
222066
55126743
29794387
120056879
4912746
1292879
6914076
19755592
1856646
7475218
16632813
1609893
9731371
592915
11214994
3325630
315025
1796914
23138600
5236822
12201510
4316214
4051865
885996
11214994
5983346
99535611
217362
66041129
31031721
4980072
2884981
40648923
14782242
1968145
27196906
211215
15578676
20835971
305326
507284
26528314
597206
81473313
1401219
29307592
9051523
17729196
5944938
15657171
3454913
17521647
63882
7974031
9897701
78454298
31765913
1847442
21750912
39370899
55658600
2795800
12749492
777268
23136009
49629091
6793518
9632273
299089
2294597
536068
12979906
26879466
9669618
6686406
3769391
1344708
2084559
16780372
2609377
6407790
12021730
26703
27655498
3693814
12801342
76244087
124434
123895
29044709
5514858
6611359
10561320
10465430
19232872
5324110
236316
439257
6600418
71788615
86927117
2736964
59386856
14174931
12379086
8667789
72739398
3737405
140505
14426490
28111341
36264215
6914076
23076120
11670197
3195523
64418488
12999994
10558604
428290
17729195
641908
9207179
3147078
20290448
10604048
12890843
2084559
10346546
2233889
507284
32324310
292275
27208984
553644
16879926
18035661
15272211
4609275
25858376
3939847
89567097
4602807
8320910
16608396
101088
19282347
14069710
11089344
24360277
21394080
722904
1344708
5157900
974052
247597
44319550
19560216
5294306
16473021
930924
9145799
1473124
11864405
6126612
42181173
14846961
28094931
11601990
12858363
33894295
9631466
5456868
13238211
12740775
2495175
686040
722904
4693534
27196906
169945
1903833
14024136
9520056
918980
63313588
4368287
10035508
20043043
17496
2291184
2736965
169521
11989622
70326394
7001696
1124570
17801500
308356
5643495
20090136
3113027
2198514
7145775
11903661
665032
5723190
2360404
12125400
13382404
13706256
3376733
43886196
2173339
6469242
10438743
34604739
2351655
8599783
17372514
4255944
1757324
7877142
26771401
3458167
1856649
9458247
4806696
20073594
8207723
7144479
22347553
1834884
14283120
8499140
14310711
11996215
13905871
8771542
41919822
395058
3095932
1856529
83861064
13511980
10424067
6773845
90312705
7515405
77759114
22773064
31362947
10438743
2961509
4282121
13045642
1392531
12625697
3671316
5341278
2916474
37018998
40640259
16934436
1970604
2298967
3866192
20290448
149808
977904
12853650
436173
1444204
17729196
9933301
6552481
10665893
31297806
32555262
7235098
18530952
7627152
21185304
7804716
13116377
4316214
6707021
75417
62423248
99187
57788553
2291184
9731371
175949
7443901
6469242
218403
109264531
722904
1539837
26448571
5403054
41598927
2736946
1895930
30040207
232020
14264969
36868031
8944611
27695637
860056
8059207
7001696
2129698
117291041
6583684
74251398
49134800
11214994
4629135
4103484
19550807
5648208
2486349
6194520
5784568
8649618
2588949
31530230
16021251
9749451
9943143
5456868
15707776
2055494
40476902
4255944
46622485
22773629
55051236
18035661
4912746
2123357
4912746
18035661
19755592
1808894
6354470
2055494
860056
18586642
2055494
72117
2773099
101777
6973087
4061068
2084559
6960413
11555537
27400464
33520408
2425639
16780401
5945175
10451875
87281250
7357648
2404101
576536
6202371
2458233
997209
6469242
19755592
19560126
123908
158110095
3298792
5523525
17249976
18035661
33380
749493
2173339
16321821
10242442
885993
5845430
44775420
4574922
14585391
31514055
43003431
2326452
19232872
11847634
1350996
74806828
6126612
4316214
2985314
1106740
339521
1058935
14162253
23942503
3771405
5435199
14723372
9347955
2218819
7627152
3454907
36064410
4500867
9435257
8834016
13906445
12999994
33653149
11174730
24996015
13512065
30314207
25685706
1830531
3119138
298757
4221506
16904213
194388
3853429
263851
162721968
29562367
5844720
442533
1730730
68207
13906445
74803549
23727815
5270244
975720
72283608
11155050
19404860
43886196
10558604
5557784
32578542
5339831
31778355
12021730
15578676
831632
10346546
2526214
17889519
2387349
70132
3671316
1808894
15872616
30295512
10242442
19932608
350007
39102507
3839668
41249178
78356940
2425639
60626926
10883180
9813442
6625254
31292733
551697
14310711
2600386
4603036
7605962
31370361
57592
23039268
49164270
11327636
5157889
3671316
3325630
20751728
3152787
30040207
3032997
68041604
15051642
34470169
17030549
777268
9044454
17891556
95862
2021784
19755592
14913297
11327046
2736965
5788488
23163250
31492678
5845434
1998359
3454913
23912929
23518848
9731371
27024698
18635096
36152847
4528944
68348028
26520424
3000041
14162489
2773099
3093515
21404021
4347311
6407790
7513191
1264635
2458804
1248091
810420
1989404
12248331
8581029
1998347
33923041
8667789
380849
2877031
20944497
13512065
7314424
20287631
1151613
5218470
33816426
38934777
13381976
18859295
1913790
291417
33916412
7437963
1525713
26651229
25590957
546016
25109439
48762569
1442207
24131787
15075125
35304003
6047610
6688968
4923362
36231596
105455977
181674
48365298
273630
28877408
7156287
23545519
66507418
2961541
442533
43190721
28353458
42472413
11023574
4146928
10759791
665032
2143639
128564
4799528
3377793
28638317
83072773
1361223
77352198
28094931
745864
5157899
13905177
4316214
8907898
71396374
19232872
13995540
83029324
21581864
237117
8533570
125635752
6906951
26969905
177398
30862809
15578676
34746317
16211627
2021784
57119176
2569848
13626246
1115676
1657999
7314424
14174931
47682343
43588524
145804
11317679
842604
1927193
6465628
400603
559008
17692958
48618193
20290429
3866192
67546896
20632344
39069127
3615250
30646976
22917552
4579944
23460087
5529366
3444029
43543442
27196906
40024611
1753242
8173766
40648923
81693780
6002712
5593356
4413354
26720736
7877142
7756755
1657999
123783551
4974975
6132249
35972208
54025626
46971353
9632273
6272550
12690480
33652887
36146151
13635727
842604
13460565
3914306
1517337
13415799
1063494
13238211
46881022
15519724
12021730
73505858
99187
2034837
1184562
704198
24816108
33653149
22741000
5593356
8853886
2289283
2173339
777268
9051523
3914306
6849128
8588699
16321821
18219846
6737148
62826198
7071319
699330
62767
777268
6688968
5587062
5869566
23949472
8277000
7974031
6407790
1937649
10751081
48762569
13714026
7001696
18533136
576536
21963152
1126758
1722187
232020
5593356
39787494
7936584
2961541
2198514
2382948
7001696
3135248
15984300
28327
22961039
2360404
790416
1129779
2168540
58540976
24133656
3411025
597776
309939
65959626
54457553
4161652
40304391
21581864
4829240
21338233
427924
21963152
40648923
16019983
6397587
20632344
14585391
3150396
16509285
5529366
59810438
37575477
169521
5529366
72758294
3200648
17077866
194388
477389
3079043
866157
8864089
7078448
3330479
6849128
64493246
134449444
14310711
1472772
25400856
4212659
2407062
5035413
507284
82797582
2291184
203968
5625749
3032997
36301478
831632
26375775
6195564
44212
1300257
19397724
16780401
33355884
17609234
664700
1757324
30536675
17408031
41549964
44094550
3587793
32143341
7721129
7605656
38800025
39401856
44697421
26272287
5824592
273630
1629144
1264635
47934537
6469242
3587782
3014278
8864089
18890031
95433821
194388
2084559
3648480
62032954
76145271
1421350
2222017
6249618
70450375
7183796
5723146
394086
119007
1151613
3152787
10373486
1450530
738228
903904
19403176
69086103
42376853
15135945
20302580
417837
2176972
19263045
4528944
950052
6821093
10558595
1232979
17649354
13670820
8232965
77925729
1757324
14310711
18526920
95394561
9229038
40612107
34409172
4806696
59806941
10974940
29113204
507284
1915339
4806696
2021784
5845434
16152771
58377163
4052036
19543982
7316675
3152787
6685461
693660
13465219
35793866
4556799
26298491
38455161
2198514
8397285
9933301
3866192
5845434
1650391
1300257
8771542
73229734
28094931
3914262
365917
13626279
2130277
6332184
49873029
4360750
5691701
22730608
25752865
1808894
3335577
42463196
10992457
1757324
10438743
1472535
8944611
2021784
11118297
25275998
26177902
1386396
42210432
24982028
22155814
6142101
6047610
3347775
18720486
976324
6914076
7610610
6397587
46238913
7877142
684171
3508657
24533245
3152787
44571538
2629955
21022464
24955888
13238211
8392007
38198511
67430000
1386396
19755592
13661432
6195564
8169760
13876482
14585129
66407
1657999
7804719
17339942
1547919
8232965
949761
22741000
874312
14585391
350007
87876723
10035508
86730982
23731332
63761228
37018998
11903661
127937568
2694549
15434106
9818991
1517337
1225935
4161652
32473703
192142773
2430792
12625697
3079043
31012845
98204568
56062369
4638636
535872
2694549
15928905
1856649
28279882
19478379
33653149
13954591
2018379
5238360
2143639
8856037
53276452
1450530
17219648
32298909
23836592
8667789
2552794
9681870
26298881
10992457
6492626
93468380
305326
4863918
1098072
7804719
12749492
903904
2588949
20584440
2198514
75789798
7877142
13550874
6407790
8499140
2296744
16655840
997209
40962879
4111110
155
275754
34168266
14385583
1588340
4802940
751048
305326
145310
10308432
121871156
104062563
4574922
2758521
83864571
84550753
40648923
11053846
1450530
15272211
1121619
12246785
1424781
608612
571604
19663774
1128915
32064652
427924
19755563
3257748
2458804
29794387
7001696
5185167
8134191
816513
62826198
13595397
13382404
20851491
7556120
69787873
3955017
41598927
14173590
7974012
6797817
19040736
28663347
479570
5041866
222066
9933181
10558604
34746317
2486133
1775327
9520680
16473021
8486698
3637254
13178946
4693812
60673327
23745320
11327617
9337991
5456868
23138600
1748154
12625697
32380
31708848
3079043
21185304
40024611
36202623
751048
918980
11175857
50980572
33807568
4212659
12300660
3476897
860056
14585391
5403035
1098072
7025932
24326333
19405311
11016267
4413309
25555220
1184562
1344708
103451546
97623393
8232965
3688926
23138600
20290448
15290010
2486349
3995911
68348028
87301138
6848700
69788028
8059207
1098501
2108502
10995621
1241208
8447104
13740414
1323082
47293128
54851269
3629998
3535950
6468378
16544871
7661588
4316214
9849618
56062369
44233498
61503798
4315994
56879464
62423248
16882192
34470169
33355887
12116196
16473021
49125773
33818350
12858363
7779960
903904
7235098
103218717
59817055
1077291
571864
2328659
4906439
831632
22327728
23518848
35839485
8043363
44558190
5921886
155716853
14965444
3403352
299089
48545174
597776
1808894
142713642
6755528
13774461
1300257
8630367
19405311
27655329
2728527
12260773
30536674
856185
13238211
2541996
128823058
9228681
9733299
1324269
8344682
12381012
61503798
1169640
10759791
318150
57291574
66388
8944611
32397448
3804144
13766853
143916
3079043
10438743
5161725
18890031
7608
8320910
58924548
13988
9145799
5921875
2590584
7627152
25635925
10038200
2736965
27170312
10124295
33923041
7063938
1539837
29878399
2959833
26061796
1169640
584748
21454506
19932608
29113204
25400856
35279125
10346546
23087645
2626116
41919822
453250
4011964
18533136
6468177
777268
7813409
1803732
9145799
3949219
3523911
2055494
33616821
10035508
91116
45925088
1077291
13980003
20195842
8232965
1184562
44187993
9731371
28354028
1970604
10438676
4443849
20536911
23745035
713060
2458804
1013526
291417
44896086
27414816
124155725
3811269
903904
3535950
617004
23587163
2773099
9202734
442533
12260773
45903281
6552481
4413354
197776895
2631988
1150320
36493290
1165910
1586277
1129779
42543685
4980072
6407790
9933301
3454789
2692753
41919822
26520424
2809651
251546
31856728
4741674
5788484
2588949
76600731
26747664
1888204
16332882
4759724
107133
26288934
1682163
2588949
6914076
4368287
367227
4527538
29525022
17117029
2387349
30260991
5746877
2847295
82197591
8735203
965204
3119138
2999974
20419690
7235098
1146954
8308698
1856649
1970560
24760344
14644912
31542602
116908885
15146646
26298881
87077
11089344
29765049
74508138
68348028
21020680
1778049
3200648
4255944
14583000
35839485
2315392
41784431
5037663
50941435
21185304
29525022
1808894
3425575
3811269
6115173
16321821
14627346
2432223
4528944
908777
5806157
17369793
90312705
6255834
4255944
5648577
4980070
524076
3945759
2486349
15869667
7556120
910055
65107144
2055494
32363046
7145775
18432910
1133364
61103647
10759791
9818991
132015912
31746276
19689185
28553514
39715326
650880
1119387
4863918
28958054
10671335
24133656
23745320
1063479
22917552
6255834
46620777
14174931
1324269
22545160
8187953
13615218
37575477
6773845
13512065
6047610
47065041
648351
32064652
8028879
4912746
19159711
518634
5845434
2736965
39137
8253456
8885782
4413348
19932608
31012845
19405311
33653149
3200648
388409
6914076
24996016
15004581
9019143
8232965
47886407
29793728
29307592
30048012
23138600
6126612
19039671
8499140
28094931
10990947
102079131
61464975
9159996
46622485
27448910
13512065
5908215
1682163
17944332
22728254
17287644
6914076
82197591
9854033
39376213
5456868
17729196
31548328
