pre:10998
0 false
<1>
	1 true
	<0>
		2 true
		<0>
			3 true
			<0>
				4 true
				ed )ret:1
			<\0>
			<1>
				4 true
				now)ret:1
			<\1>
			<2>
				4 true
				now)ret:1
			<\2>
			<3>
				4 true
				now)ret:1
			<\3>
			<4>
				4 true
				now)ret:1
			<\4>
			<5>
				4 true
				now)ret:1
			<\5>
			<6>
				4 true
				now)ret:1
			<\6>
			<7>
				4 true
				now)ret:1
			<\7>
			<8>
				4 true
				now)ret:1
			<\8>
			<9>
				4 true
				now)ret:1
			<\9>
			all)ret:10
		<\0>
		<1>
			3 true
			now)ret:10
		<\1>
		<2>
			3 true
			now)ret:10
		<\2>
		<3>
			3 true
			now)ret:10
		<\3>
		<4>
			3 true
			now)ret:10
		<\4>
		<5>
			3 true
			now)ret:10
		<\5>
		<6>
			3 true
			now)ret:10
		<\6>
		<7>
			3 true
			now)ret:10
		<\7>
		<8>
			3 true
			now)ret:10
		<\8>
		<9>
			3 true
			now)ret:10
		<\9>
		all)ret:100
	<\0>
	<1>
		2 true
		now)ret:100
	<\1>
	<2>
		2 true
		now)ret:100
	<\2>
	<3>
		2 true
		now)ret:100
	<\3>
	<4>
		2 true
		now)ret:100
	<\4>
	<5>
		2 true
		now)ret:100
	<\5>
	<6>
		2 true
		now)ret:100
	<\6>
	<7>
		2 true
		now)ret:100
	<\7>
	<8>
		2 true
		now)ret:100
	<\8>
	<9>
		2 true
		now)ret:100
	<\9>
	all)ret:1000
<\1>
<2>
	1 true
	now)ret:1000
<\2>
<3>
	1 false
	<0>
		2 true
		now)ret:100
	<\0>
	<1>
		2 true
		now)ret:100
	<\1>
	<2>
		2 false
		<0>
			3 true
			now)ret:10
		<\0>
		<1>
			3 false
			<0>
				4 true
				now)ret:1
			<\0>
			<1>
				4 true
				now)ret:1
			<\1>
			<2>
				4 true
				now)ret:1
			<\2>
			<3>
				4 true
				now)ret:1
			<\3>
			<4>
				4 true
				now)ret:1
			<\4>
			<5>
				4 false
				ed )ret:1
			<\5>
			all)ret:6
		<\1>
		all)ret:16
	<\2>
	all)ret:216
<\3>
all)ret:2216
